{"/Users/paul/Sites/TempHist/app.js": {"path":"/Users/paul/Sites/TempHist/app.js","all":true,"statementMap":{"0":{"start":{"line":1,"column":0},"end":{"line":1,"column":23}},"1":{"start":{"line":2,"column":0},"end":{"line":2,"column":45}},"2":{"start":{"line":3,"column":0},"end":{"line":3,"column":79}},"4":{"start":{"line":5,"column":0},"end":{"line":5,"column":29}},"5":{"start":{"line":6,"column":0},"end":{"line":6,"column":40}},"6":{"start":{"line":7,"column":0},"end":{"line":7,"column":50}},"7":{"start":{"line":8,"column":0},"end":{"line":8,"column":13}},"8":{"start":{"line":9,"column":0},"end":{"line":9,"column":30}},"9":{"start":{"line":10,"column":0},"end":{"line":10,"column":96}},"10":{"start":{"line":11,"column":0},"end":{"line":11,"column":36}},"11":{"start":{"line":12,"column":0},"end":{"line":12,"column":3}},"12":{"start":{"line":13,"column":0},"end":{"line":13,"column":2}},"13":{"start":{"line":14,"column":0},"end":{"line":14,"column":50}},"15":{"start":{"line":16,"column":0},"end":{"line":16,"column":33}},"16":{"start":{"line":17,"column":0},"end":{"line":17,"column":58}},"17":{"start":{"line":18,"column":0},"end":{"line":18,"column":13}},"18":{"start":{"line":19,"column":0},"end":{"line":19,"column":14}},"19":{"start":{"line":20,"column":0},"end":{"line":20,"column":17}},"20":{"start":{"line":21,"column":0},"end":{"line":21,"column":19}},"21":{"start":{"line":22,"column":0},"end":{"line":22,"column":22}},"22":{"start":{"line":23,"column":0},"end":{"line":23,"column":23}},"23":{"start":{"line":24,"column":0},"end":{"line":24,"column":2}},"25":{"start":{"line":26,"column":0},"end":{"line":26,"column":42}},"26":{"start":{"line":27,"column":0},"end":{"line":27,"column":8}},"27":{"start":{"line":28,"column":0},"end":{"line":28,"column":27}},"28":{"start":{"line":29,"column":0},"end":{"line":29,"column":42}},"29":{"start":{"line":30,"column":0},"end":{"line":30,"column":23}},"30":{"start":{"line":31,"column":0},"end":{"line":31,"column":42}},"31":{"start":{"line":32,"column":0},"end":{"line":32,"column":47}},"32":{"start":{"line":33,"column":0},"end":{"line":33,"column":25}},"33":{"start":{"line":34,"column":0},"end":{"line":34,"column":14}},"34":{"start":{"line":35,"column":0},"end":{"line":35,"column":37}},"35":{"start":{"line":36,"column":0},"end":{"line":36,"column":31}},"36":{"start":{"line":37,"column":0},"end":{"line":37,"column":6}},"37":{"start":{"line":38,"column":0},"end":{"line":38,"column":4}},"38":{"start":{"line":39,"column":0},"end":{"line":39,"column":46}},"39":{"start":{"line":40,"column":0},"end":{"line":40,"column":4}},"40":{"start":{"line":41,"column":0},"end":{"line":41,"column":56}},"41":{"start":{"line":42,"column":0},"end":{"line":42,"column":48}},"42":{"start":{"line":43,"column":0},"end":{"line":43,"column":71}},"43":{"start":{"line":44,"column":0},"end":{"line":44,"column":5}},"44":{"start":{"line":45,"column":0},"end":{"line":45,"column":4}},"45":{"start":{"line":46,"column":0},"end":{"line":46,"column":36}},"46":{"start":{"line":47,"column":0},"end":{"line":47,"column":30}},"47":{"start":{"line":48,"column":0},"end":{"line":48,"column":50}},"48":{"start":{"line":49,"column":0},"end":{"line":49,"column":5}},"49":{"start":{"line":50,"column":0},"end":{"line":50,"column":3}},"51":{"start":{"line":52,"column":0},"end":{"line":52,"column":33}},"52":{"start":{"line":53,"column":0},"end":{"line":53,"column":30}},"53":{"start":{"line":54,"column":0},"end":{"line":54,"column":41}},"54":{"start":{"line":55,"column":0},"end":{"line":55,"column":61}},"55":{"start":{"line":56,"column":0},"end":{"line":56,"column":4}},"56":{"start":{"line":57,"column":0},"end":{"line":57,"column":62}},"57":{"start":{"line":58,"column":0},"end":{"line":58,"column":32}},"58":{"start":{"line":59,"column":0},"end":{"line":59,"column":55}},"59":{"start":{"line":60,"column":0},"end":{"line":60,"column":6}},"60":{"start":{"line":61,"column":0},"end":{"line":61,"column":89}},"61":{"start":{"line":62,"column":0},"end":{"line":62,"column":59}},"62":{"start":{"line":63,"column":0},"end":{"line":63,"column":41}},"63":{"start":{"line":64,"column":0},"end":{"line":64,"column":19}},"64":{"start":{"line":65,"column":0},"end":{"line":65,"column":13}},"65":{"start":{"line":66,"column":0},"end":{"line":66,"column":6}},"66":{"start":{"line":67,"column":0},"end":{"line":67,"column":72}},"67":{"start":{"line":68,"column":0},"end":{"line":68,"column":81}},"68":{"start":{"line":69,"column":0},"end":{"line":69,"column":109}},"69":{"start":{"line":70,"column":0},"end":{"line":70,"column":6}},"70":{"start":{"line":71,"column":0},"end":{"line":71,"column":4}},"71":{"start":{"line":72,"column":0},"end":{"line":72,"column":12}},"72":{"start":{"line":73,"column":0},"end":{"line":73,"column":69}},"73":{"start":{"line":74,"column":0},"end":{"line":74,"column":35}},"74":{"start":{"line":75,"column":0},"end":{"line":75,"column":122}},"75":{"start":{"line":76,"column":0},"end":{"line":76,"column":45}},"76":{"start":{"line":77,"column":0},"end":{"line":77,"column":51}},"77":{"start":{"line":78,"column":0},"end":{"line":78,"column":42}},"78":{"start":{"line":79,"column":0},"end":{"line":79,"column":32}},"79":{"start":{"line":80,"column":0},"end":{"line":80,"column":63}},"80":{"start":{"line":81,"column":0},"end":{"line":81,"column":6}},"81":{"start":{"line":82,"column":0},"end":{"line":82,"column":3}},"83":{"start":{"line":84,"column":0},"end":{"line":84,"column":29}},"84":{"start":{"line":85,"column":0},"end":{"line":85,"column":34}},"85":{"start":{"line":86,"column":0},"end":{"line":86,"column":9}},"86":{"start":{"line":87,"column":0},"end":{"line":87,"column":46}},"87":{"start":{"line":88,"column":0},"end":{"line":88,"column":23}},"88":{"start":{"line":89,"column":0},"end":{"line":89,"column":56}},"89":{"start":{"line":90,"column":0},"end":{"line":90,"column":42}},"90":{"start":{"line":91,"column":0},"end":{"line":91,"column":86}},"91":{"start":{"line":92,"column":0},"end":{"line":92,"column":52}},"92":{"start":{"line":93,"column":0},"end":{"line":93,"column":58}},"93":{"start":{"line":94,"column":0},"end":{"line":94,"column":46}},"94":{"start":{"line":95,"column":0},"end":{"line":95,"column":44}},"95":{"start":{"line":96,"column":0},"end":{"line":96,"column":50}},"96":{"start":{"line":97,"column":0},"end":{"line":97,"column":37}},"97":{"start":{"line":98,"column":0},"end":{"line":98,"column":23}},"98":{"start":{"line":99,"column":0},"end":{"line":99,"column":8}},"100":{"start":{"line":101,"column":0},"end":{"line":101,"column":42}},"101":{"start":{"line":102,"column":0},"end":{"line":102,"column":57}},"103":{"start":{"line":104,"column":0},"end":{"line":104,"column":61}},"104":{"start":{"line":105,"column":0},"end":{"line":105,"column":23}},"105":{"start":{"line":106,"column":0},"end":{"line":106,"column":18}},"106":{"start":{"line":107,"column":0},"end":{"line":107,"column":45}},"107":{"start":{"line":108,"column":0},"end":{"line":108,"column":38}},"108":{"start":{"line":109,"column":0},"end":{"line":109,"column":10}},"109":{"start":{"line":110,"column":0},"end":{"line":110,"column":37}},"110":{"start":{"line":111,"column":0},"end":{"line":111,"column":9}},"112":{"start":{"line":113,"column":0},"end":{"line":113,"column":25}},"113":{"start":{"line":114,"column":0},"end":{"line":114,"column":48}},"114":{"start":{"line":115,"column":0},"end":{"line":115,"column":80}},"115":{"start":{"line":116,"column":0},"end":{"line":116,"column":57}},"116":{"start":{"line":117,"column":0},"end":{"line":117,"column":14}},"117":{"start":{"line":118,"column":0},"end":{"line":118,"column":48}},"118":{"start":{"line":119,"column":0},"end":{"line":119,"column":7}},"119":{"start":{"line":120,"column":0},"end":{"line":120,"column":21}},"120":{"start":{"line":121,"column":0},"end":{"line":121,"column":72}},"121":{"start":{"line":122,"column":0},"end":{"line":122,"column":56}},"122":{"start":{"line":123,"column":0},"end":{"line":123,"column":5}},"123":{"start":{"line":124,"column":0},"end":{"line":124,"column":3}},"125":{"start":{"line":126,"column":0},"end":{"line":126,"column":51}},"126":{"start":{"line":127,"column":0},"end":{"line":127,"column":38}},"127":{"start":{"line":128,"column":0},"end":{"line":128,"column":50}},"128":{"start":{"line":129,"column":0},"end":{"line":129,"column":51}},"129":{"start":{"line":130,"column":0},"end":{"line":130,"column":60}},"130":{"start":{"line":131,"column":0},"end":{"line":131,"column":33}},"131":{"start":{"line":132,"column":0},"end":{"line":132,"column":48}},"132":{"start":{"line":133,"column":0},"end":{"line":133,"column":25}},"133":{"start":{"line":134,"column":0},"end":{"line":134,"column":58}},"134":{"start":{"line":135,"column":0},"end":{"line":135,"column":44}},"135":{"start":{"line":136,"column":0},"end":{"line":136,"column":57}},"136":{"start":{"line":137,"column":0},"end":{"line":137,"column":54}},"137":{"start":{"line":138,"column":0},"end":{"line":138,"column":60}},"138":{"start":{"line":139,"column":0},"end":{"line":139,"column":48}},"139":{"start":{"line":140,"column":0},"end":{"line":140,"column":46}},"140":{"start":{"line":141,"column":0},"end":{"line":141,"column":52}},"141":{"start":{"line":142,"column":0},"end":{"line":142,"column":39}},"142":{"start":{"line":143,"column":0},"end":{"line":143,"column":25}},"143":{"start":{"line":144,"column":0},"end":{"line":144,"column":10}},"144":{"start":{"line":145,"column":0},"end":{"line":145,"column":8}},"145":{"start":{"line":146,"column":0},"end":{"line":146,"column":79}},"146":{"start":{"line":147,"column":0},"end":{"line":147,"column":14}},"147":{"start":{"line":148,"column":0},"end":{"line":148,"column":51}},"148":{"start":{"line":149,"column":0},"end":{"line":149,"column":24}},"149":{"start":{"line":150,"column":0},"end":{"line":150,"column":7}},"150":{"start":{"line":151,"column":0},"end":{"line":151,"column":7}},"152":{"start":{"line":153,"column":0},"end":{"line":153,"column":70}},"153":{"start":{"line":154,"column":0},"end":{"line":154,"column":23}},"154":{"start":{"line":155,"column":0},"end":{"line":155,"column":84}},"155":{"start":{"line":156,"column":0},"end":{"line":156,"column":24}},"156":{"start":{"line":157,"column":0},"end":{"line":157,"column":7}},"157":{"start":{"line":158,"column":0},"end":{"line":158,"column":35}},"158":{"start":{"line":159,"column":0},"end":{"line":159,"column":3}},"160":{"start":{"line":161,"column":0},"end":{"line":161,"column":52}},"161":{"start":{"line":162,"column":0},"end":{"line":162,"column":45}},"162":{"start":{"line":163,"column":0},"end":{"line":163,"column":47}},"164":{"start":{"line":165,"column":0},"end":{"line":165,"column":18}},"165":{"start":{"line":166,"column":0},"end":{"line":166,"column":24}},"166":{"start":{"line":167,"column":0},"end":{"line":167,"column":52}},"167":{"start":{"line":168,"column":0},"end":{"line":168,"column":47}},"168":{"start":{"line":169,"column":0},"end":{"line":169,"column":30}},"169":{"start":{"line":170,"column":0},"end":{"line":170,"column":54}},"170":{"start":{"line":171,"column":0},"end":{"line":171,"column":36}},"171":{"start":{"line":172,"column":0},"end":{"line":172,"column":53}},"172":{"start":{"line":173,"column":0},"end":{"line":173,"column":31}},"173":{"start":{"line":174,"column":0},"end":{"line":174,"column":2}},"175":{"start":{"line":176,"column":0},"end":{"line":176,"column":22}},"176":{"start":{"line":177,"column":0},"end":{"line":177,"column":42}},"177":{"start":{"line":178,"column":0},"end":{"line":178,"column":26}},"179":{"start":{"line":180,"column":0},"end":{"line":180,"column":22}},"180":{"start":{"line":181,"column":0},"end":{"line":181,"column":23}},"181":{"start":{"line":182,"column":0},"end":{"line":182,"column":21}},"182":{"start":{"line":183,"column":0},"end":{"line":183,"column":62}},"183":{"start":{"line":184,"column":0},"end":{"line":184,"column":5}},"185":{"start":{"line":186,"column":0},"end":{"line":186,"column":63}},"186":{"start":{"line":187,"column":0},"end":{"line":187,"column":36}},"187":{"start":{"line":188,"column":0},"end":{"line":188,"column":13}},"188":{"start":{"line":189,"column":0},"end":{"line":189,"column":71}},"189":{"start":{"line":190,"column":0},"end":{"line":190,"column":71}},"190":{"start":{"line":191,"column":0},"end":{"line":191,"column":35}},"191":{"start":{"line":192,"column":0},"end":{"line":192,"column":10}},"192":{"start":{"line":193,"column":0},"end":{"line":193,"column":25}},"193":{"start":{"line":194,"column":0},"end":{"line":194,"column":3}},"194":{"start":{"line":195,"column":0},"end":{"line":195,"column":3}},"196":{"start":{"line":197,"column":0},"end":{"line":197,"column":51}},"197":{"start":{"line":198,"column":0},"end":{"line":198,"column":44}},"198":{"start":{"line":199,"column":0},"end":{"line":199,"column":51}},"199":{"start":{"line":200,"column":0},"end":{"line":200,"column":21}},"200":{"start":{"line":201,"column":0},"end":{"line":201,"column":25}},"201":{"start":{"line":202,"column":0},"end":{"line":202,"column":3}},"203":{"start":{"line":204,"column":0},"end":{"line":204,"column":47}},"204":{"start":{"line":205,"column":0},"end":{"line":205,"column":37}},"205":{"start":{"line":206,"column":0},"end":{"line":206,"column":23}},"206":{"start":{"line":207,"column":0},"end":{"line":207,"column":28}},"207":{"start":{"line":208,"column":0},"end":{"line":208,"column":53}},"208":{"start":{"line":209,"column":0},"end":{"line":209,"column":42}},"209":{"start":{"line":210,"column":0},"end":{"line":210,"column":45}},"210":{"start":{"line":211,"column":0},"end":{"line":211,"column":7}},"211":{"start":{"line":212,"column":0},"end":{"line":212,"column":6}},"212":{"start":{"line":213,"column":0},"end":{"line":213,"column":28}},"213":{"start":{"line":214,"column":0},"end":{"line":214,"column":32}},"214":{"start":{"line":215,"column":0},"end":{"line":215,"column":61}},"215":{"start":{"line":216,"column":0},"end":{"line":216,"column":7}},"216":{"start":{"line":217,"column":0},"end":{"line":217,"column":6}},"217":{"start":{"line":218,"column":0},"end":{"line":218,"column":42}},"218":{"start":{"line":219,"column":0},"end":{"line":219,"column":60}},"219":{"start":{"line":220,"column":0},"end":{"line":220,"column":77}},"220":{"start":{"line":221,"column":0},"end":{"line":221,"column":7}},"221":{"start":{"line":222,"column":0},"end":{"line":222,"column":6}},"222":{"start":{"line":223,"column":0},"end":{"line":223,"column":19}},"223":{"start":{"line":224,"column":0},"end":{"line":224,"column":40}},"224":{"start":{"line":225,"column":0},"end":{"line":225,"column":9}},"225":{"start":{"line":226,"column":0},"end":{"line":226,"column":4}},"226":{"start":{"line":227,"column":0},"end":{"line":227,"column":93}},"227":{"start":{"line":228,"column":0},"end":{"line":228,"column":40}},"228":{"start":{"line":229,"column":0},"end":{"line":229,"column":4}},"229":{"start":{"line":230,"column":0},"end":{"line":230,"column":19}},"230":{"start":{"line":231,"column":0},"end":{"line":231,"column":4}},"232":{"start":{"line":233,"column":0},"end":{"line":233,"column":42}},"233":{"start":{"line":234,"column":0},"end":{"line":234,"column":45}},"234":{"start":{"line":235,"column":0},"end":{"line":235,"column":85}},"235":{"start":{"line":236,"column":0},"end":{"line":236,"column":76}},"236":{"start":{"line":237,"column":0},"end":{"line":237,"column":54}},"237":{"start":{"line":238,"column":0},"end":{"line":238,"column":18}},"238":{"start":{"line":239,"column":0},"end":{"line":239,"column":4}},"240":{"start":{"line":241,"column":0},"end":{"line":241,"column":35}},"241":{"start":{"line":242,"column":0},"end":{"line":242,"column":39}},"242":{"start":{"line":243,"column":0},"end":{"line":243,"column":22}},"243":{"start":{"line":244,"column":0},"end":{"line":244,"column":50}},"244":{"start":{"line":245,"column":0},"end":{"line":245,"column":4}},"246":{"start":{"line":247,"column":0},"end":{"line":247,"column":50}},"247":{"start":{"line":248,"column":0},"end":{"line":248,"column":43}},"248":{"start":{"line":249,"column":0},"end":{"line":249,"column":4}},"249":{"start":{"line":250,"column":0},"end":{"line":250,"column":40}},"250":{"start":{"line":251,"column":0},"end":{"line":251,"column":61}},"251":{"start":{"line":252,"column":0},"end":{"line":252,"column":4}},"252":{"start":{"line":253,"column":0},"end":{"line":253,"column":52}},"253":{"start":{"line":254,"column":0},"end":{"line":254,"column":70}},"254":{"start":{"line":255,"column":0},"end":{"line":255,"column":20}},"255":{"start":{"line":256,"column":0},"end":{"line":256,"column":4}},"257":{"start":{"line":258,"column":0},"end":{"line":258,"column":31}},"258":{"start":{"line":259,"column":0},"end":{"line":259,"column":25}},"260":{"start":{"line":261,"column":0},"end":{"line":261,"column":54}},"261":{"start":{"line":262,"column":0},"end":{"line":262,"column":30}},"262":{"start":{"line":263,"column":0},"end":{"line":263,"column":20}},"263":{"start":{"line":264,"column":0},"end":{"line":264,"column":27}},"264":{"start":{"line":265,"column":0},"end":{"line":265,"column":5}},"265":{"start":{"line":266,"column":0},"end":{"line":266,"column":3}},"267":{"start":{"line":268,"column":0},"end":{"line":268,"column":29}},"268":{"start":{"line":269,"column":0},"end":{"line":269,"column":20}},"269":{"start":{"line":270,"column":0},"end":{"line":270,"column":26}},"270":{"start":{"line":271,"column":0},"end":{"line":271,"column":5}},"271":{"start":{"line":272,"column":0},"end":{"line":272,"column":3}},"273":{"start":{"line":274,"column":0},"end":{"line":274,"column":32}},"274":{"start":{"line":275,"column":0},"end":{"line":275,"column":20}},"275":{"start":{"line":276,"column":0},"end":{"line":276,"column":29}},"276":{"start":{"line":277,"column":0},"end":{"line":277,"column":5}},"277":{"start":{"line":278,"column":0},"end":{"line":278,"column":3}},"279":{"start":{"line":280,"column":0},"end":{"line":280,"column":62}},"280":{"start":{"line":281,"column":0},"end":{"line":281,"column":31}},"281":{"start":{"line":282,"column":0},"end":{"line":282,"column":29}},"282":{"start":{"line":283,"column":0},"end":{"line":283,"column":31}},"283":{"start":{"line":284,"column":0},"end":{"line":284,"column":37}},"285":{"start":{"line":286,"column":0},"end":{"line":286,"column":5}},"286":{"start":{"line":287,"column":0},"end":{"line":287,"column":55}},"287":{"start":{"line":288,"column":0},"end":{"line":288,"column":74}},"288":{"start":{"line":289,"column":0},"end":{"line":289,"column":52}},"289":{"start":{"line":290,"column":0},"end":{"line":290,"column":100}},"290":{"start":{"line":291,"column":0},"end":{"line":291,"column":74}},"291":{"start":{"line":292,"column":0},"end":{"line":292,"column":80}},"292":{"start":{"line":293,"column":0},"end":{"line":293,"column":87}},"293":{"start":{"line":294,"column":0},"end":{"line":294,"column":87}},"294":{"start":{"line":295,"column":0},"end":{"line":295,"column":65}},"295":{"start":{"line":296,"column":0},"end":{"line":296,"column":5}},"296":{"start":{"line":297,"column":0},"end":{"line":297,"column":52}},"297":{"start":{"line":298,"column":0},"end":{"line":298,"column":61}},"298":{"start":{"line":299,"column":0},"end":{"line":299,"column":28}},"300":{"start":{"line":301,"column":0},"end":{"line":301,"column":33}},"301":{"start":{"line":302,"column":0},"end":{"line":302,"column":42}},"302":{"start":{"line":303,"column":0},"end":{"line":303,"column":34}},"303":{"start":{"line":304,"column":0},"end":{"line":304,"column":87}},"304":{"start":{"line":305,"column":0},"end":{"line":305,"column":13}},"305":{"start":{"line":306,"column":0},"end":{"line":306,"column":5}},"307":{"start":{"line":308,"column":0},"end":{"line":308,"column":23}},"308":{"start":{"line":309,"column":0},"end":{"line":309,"column":45}},"309":{"start":{"line":310,"column":0},"end":{"line":310,"column":34}},"310":{"start":{"line":311,"column":0},"end":{"line":311,"column":87}},"311":{"start":{"line":312,"column":0},"end":{"line":312,"column":13}},"312":{"start":{"line":313,"column":0},"end":{"line":313,"column":5}},"314":{"start":{"line":315,"column":0},"end":{"line":315,"column":61}},"315":{"start":{"line":316,"column":0},"end":{"line":316,"column":39}},"316":{"start":{"line":317,"column":0},"end":{"line":317,"column":4}},"317":{"start":{"line":318,"column":0},"end":{"line":318,"column":32}},"318":{"start":{"line":319,"column":0},"end":{"line":319,"column":102}},"320":{"start":{"line":321,"column":0},"end":{"line":321,"column":33}},"321":{"start":{"line":322,"column":0},"end":{"line":322,"column":53}},"322":{"start":{"line":323,"column":0},"end":{"line":323,"column":47}},"323":{"start":{"line":324,"column":0},"end":{"line":324,"column":40}},"324":{"start":{"line":325,"column":0},"end":{"line":325,"column":57}},"325":{"start":{"line":326,"column":0},"end":{"line":326,"column":105}},"326":{"start":{"line":327,"column":0},"end":{"line":327,"column":6}},"327":{"start":{"line":328,"column":0},"end":{"line":328,"column":30}},"328":{"start":{"line":329,"column":0},"end":{"line":329,"column":49}},"329":{"start":{"line":330,"column":0},"end":{"line":330,"column":101}},"330":{"start":{"line":331,"column":0},"end":{"line":331,"column":121}},"331":{"start":{"line":332,"column":0},"end":{"line":332,"column":22}},"332":{"start":{"line":333,"column":0},"end":{"line":333,"column":14}},"333":{"start":{"line":334,"column":0},"end":{"line":334,"column":15}},"334":{"start":{"line":335,"column":0},"end":{"line":335,"column":12}},"335":{"start":{"line":336,"column":0},"end":{"line":336,"column":27}},"336":{"start":{"line":337,"column":0},"end":{"line":337,"column":39}},"337":{"start":{"line":338,"column":0},"end":{"line":338,"column":6}},"338":{"start":{"line":339,"column":0},"end":{"line":339,"column":46}},"339":{"start":{"line":340,"column":0},"end":{"line":340,"column":25}},"340":{"start":{"line":341,"column":0},"end":{"line":341,"column":59}},"341":{"start":{"line":342,"column":0},"end":{"line":342,"column":7}},"342":{"start":{"line":343,"column":0},"end":{"line":343,"column":5}},"343":{"start":{"line":344,"column":0},"end":{"line":344,"column":3}},"345":{"start":{"line":346,"column":0},"end":{"line":346,"column":45}},"346":{"start":{"line":347,"column":0},"end":{"line":347,"column":45}},"348":{"start":{"line":349,"column":0},"end":{"line":349,"column":53}},"349":{"start":{"line":350,"column":0},"end":{"line":350,"column":46}},"350":{"start":{"line":351,"column":0},"end":{"line":351,"column":64}},"351":{"start":{"line":352,"column":0},"end":{"line":352,"column":4}},"352":{"start":{"line":353,"column":0},"end":{"line":353,"column":43}},"353":{"start":{"line":354,"column":0},"end":{"line":354,"column":21}},"354":{"start":{"line":355,"column":0},"end":{"line":355,"column":49}},"355":{"start":{"line":356,"column":0},"end":{"line":356,"column":4}},"356":{"start":{"line":357,"column":0},"end":{"line":357,"column":59}},"357":{"start":{"line":358,"column":0},"end":{"line":358,"column":61}},"358":{"start":{"line":359,"column":0},"end":{"line":359,"column":17}},"359":{"start":{"line":360,"column":0},"end":{"line":360,"column":5}},"360":{"start":{"line":361,"column":0},"end":{"line":361,"column":4}},"361":{"start":{"line":362,"column":0},"end":{"line":362,"column":30}},"362":{"start":{"line":363,"column":0},"end":{"line":363,"column":83}},"363":{"start":{"line":364,"column":0},"end":{"line":364,"column":46}},"364":{"start":{"line":365,"column":0},"end":{"line":365,"column":67}},"365":{"start":{"line":366,"column":0},"end":{"line":366,"column":13}},"366":{"start":{"line":367,"column":0},"end":{"line":367,"column":5}},"367":{"start":{"line":368,"column":0},"end":{"line":368,"column":4}},"368":{"start":{"line":369,"column":0},"end":{"line":369,"column":9}},"369":{"start":{"line":370,"column":0},"end":{"line":370,"column":57}},"370":{"start":{"line":371,"column":0},"end":{"line":371,"column":80}},"371":{"start":{"line":372,"column":0},"end":{"line":372,"column":6}},"372":{"start":{"line":373,"column":0},"end":{"line":373,"column":50}},"373":{"start":{"line":374,"column":0},"end":{"line":374,"column":46}},"374":{"start":{"line":375,"column":0},"end":{"line":375,"column":54}},"375":{"start":{"line":376,"column":0},"end":{"line":376,"column":21}},"376":{"start":{"line":377,"column":0},"end":{"line":377,"column":64}},"377":{"start":{"line":378,"column":0},"end":{"line":378,"column":33}},"378":{"start":{"line":379,"column":0},"end":{"line":379,"column":46}},"379":{"start":{"line":380,"column":0},"end":{"line":380,"column":67}},"380":{"start":{"line":381,"column":0},"end":{"line":381,"column":5}},"381":{"start":{"line":382,"column":0},"end":{"line":382,"column":3}},"383":{"start":{"line":384,"column":0},"end":{"line":384,"column":67}},"384":{"start":{"line":385,"column":0},"end":{"line":385,"column":40}},"385":{"start":{"line":386,"column":0},"end":{"line":386,"column":44}},"386":{"start":{"line":387,"column":0},"end":{"line":387,"column":6}},"387":{"start":{"line":388,"column":0},"end":{"line":388,"column":21}},"388":{"start":{"line":389,"column":0},"end":{"line":389,"column":55}},"389":{"start":{"line":390,"column":0},"end":{"line":390,"column":50}},"390":{"start":{"line":391,"column":0},"end":{"line":391,"column":50}},"391":{"start":{"line":392,"column":0},"end":{"line":392,"column":42}},"392":{"start":{"line":393,"column":0},"end":{"line":393,"column":46}},"393":{"start":{"line":394,"column":0},"end":{"line":394,"column":6}},"394":{"start":{"line":395,"column":0},"end":{"line":395,"column":26}},"395":{"start":{"line":396,"column":0},"end":{"line":396,"column":77}},"396":{"start":{"line":397,"column":0},"end":{"line":397,"column":48}},"397":{"start":{"line":398,"column":0},"end":{"line":398,"column":50}},"398":{"start":{"line":399,"column":0},"end":{"line":399,"column":43}},"399":{"start":{"line":400,"column":0},"end":{"line":400,"column":6}},"400":{"start":{"line":401,"column":0},"end":{"line":401,"column":30}},"401":{"start":{"line":402,"column":0},"end":{"line":402,"column":104}},"402":{"start":{"line":403,"column":0},"end":{"line":403,"column":86}},"403":{"start":{"line":404,"column":0},"end":{"line":404,"column":47}},"404":{"start":{"line":405,"column":0},"end":{"line":405,"column":6}},"405":{"start":{"line":406,"column":0},"end":{"line":406,"column":37}},"406":{"start":{"line":407,"column":0},"end":{"line":407,"column":85}},"407":{"start":{"line":408,"column":0},"end":{"line":408,"column":53}},"408":{"start":{"line":409,"column":0},"end":{"line":409,"column":64}},"409":{"start":{"line":410,"column":0},"end":{"line":410,"column":6}},"410":{"start":{"line":411,"column":0},"end":{"line":411,"column":33}},"411":{"start":{"line":412,"column":0},"end":{"line":412,"column":61}},"412":{"start":{"line":413,"column":0},"end":{"line":413,"column":62}},"413":{"start":{"line":414,"column":0},"end":{"line":414,"column":66}},"414":{"start":{"line":415,"column":0},"end":{"line":415,"column":6}},"415":{"start":{"line":416,"column":0},"end":{"line":416,"column":47}},"416":{"start":{"line":417,"column":0},"end":{"line":417,"column":47}},"417":{"start":{"line":418,"column":0},"end":{"line":418,"column":51}},"418":{"start":{"line":419,"column":0},"end":{"line":419,"column":51}},"419":{"start":{"line":420,"column":0},"end":{"line":420,"column":53}},"420":{"start":{"line":421,"column":0},"end":{"line":421,"column":6}},"421":{"start":{"line":422,"column":0},"end":{"line":422,"column":46}},"422":{"start":{"line":423,"column":0},"end":{"line":423,"column":6}},"423":{"start":{"line":424,"column":0},"end":{"line":424,"column":34}},"424":{"start":{"line":425,"column":0},"end":{"line":425,"column":24}},"425":{"start":{"line":426,"column":0},"end":{"line":426,"column":124}},"426":{"start":{"line":427,"column":0},"end":{"line":427,"column":113}},"427":{"start":{"line":428,"column":0},"end":{"line":428,"column":74}},"428":{"start":{"line":429,"column":0},"end":{"line":429,"column":33}},"429":{"start":{"line":430,"column":0},"end":{"line":430,"column":14}},"430":{"start":{"line":431,"column":0},"end":{"line":431,"column":18}},"431":{"start":{"line":432,"column":0},"end":{"line":432,"column":17}},"432":{"start":{"line":433,"column":0},"end":{"line":433,"column":16}},"433":{"start":{"line":434,"column":0},"end":{"line":434,"column":8}},"434":{"start":{"line":435,"column":0},"end":{"line":435,"column":6}},"435":{"start":{"line":436,"column":0},"end":{"line":436,"column":22}},"436":{"start":{"line":437,"column":0},"end":{"line":437,"column":55}},"437":{"start":{"line":438,"column":0},"end":{"line":438,"column":31}},"438":{"start":{"line":439,"column":0},"end":{"line":439,"column":19}},"439":{"start":{"line":440,"column":0},"end":{"line":440,"column":22}},"440":{"start":{"line":441,"column":0},"end":{"line":441,"column":24}},"441":{"start":{"line":442,"column":0},"end":{"line":442,"column":24}},"442":{"start":{"line":443,"column":0},"end":{"line":443,"column":21}},"443":{"start":{"line":444,"column":0},"end":{"line":444,"column":27}},"444":{"start":{"line":445,"column":0},"end":{"line":445,"column":11}},"445":{"start":{"line":446,"column":0},"end":{"line":446,"column":7}},"446":{"start":{"line":447,"column":0},"end":{"line":447,"column":6}},"447":{"start":{"line":448,"column":0},"end":{"line":448,"column":22}},"448":{"start":{"line":449,"column":0},"end":{"line":449,"column":5}},"450":{"start":{"line":451,"column":0},"end":{"line":451,"column":64}},"451":{"start":{"line":452,"column":0},"end":{"line":452,"column":29}},"452":{"start":{"line":453,"column":0},"end":{"line":453,"column":46}},"453":{"start":{"line":454,"column":0},"end":{"line":454,"column":3}},"455":{"start":{"line":456,"column":0},"end":{"line":456,"column":32}},"456":{"start":{"line":457,"column":0},"end":{"line":457,"column":51}},"457":{"start":{"line":458,"column":0},"end":{"line":458,"column":30}},"458":{"start":{"line":459,"column":0},"end":{"line":459,"column":66}},"459":{"start":{"line":460,"column":0},"end":{"line":460,"column":4}},"460":{"start":{"line":461,"column":0},"end":{"line":461,"column":57}},"461":{"start":{"line":462,"column":0},"end":{"line":462,"column":52}},"462":{"start":{"line":463,"column":0},"end":{"line":463,"column":85}},"463":{"start":{"line":464,"column":0},"end":{"line":464,"column":87}},"464":{"start":{"line":465,"column":0},"end":{"line":465,"column":13}},"465":{"start":{"line":466,"column":0},"end":{"line":466,"column":5}},"466":{"start":{"line":467,"column":0},"end":{"line":467,"column":4}},"467":{"start":{"line":468,"column":0},"end":{"line":468,"column":51}},"468":{"start":{"line":469,"column":0},"end":{"line":469,"column":36}},"469":{"start":{"line":470,"column":0},"end":{"line":470,"column":56}},"470":{"start":{"line":471,"column":0},"end":{"line":471,"column":4}},"471":{"start":{"line":472,"column":0},"end":{"line":472,"column":9}},"472":{"start":{"line":473,"column":0},"end":{"line":473,"column":61}},"473":{"start":{"line":474,"column":0},"end":{"line":474,"column":102}},"474":{"start":{"line":475,"column":0},"end":{"line":475,"column":6}},"475":{"start":{"line":476,"column":0},"end":{"line":476,"column":39}},"476":{"start":{"line":477,"column":0},"end":{"line":477,"column":60}},"477":{"start":{"line":478,"column":0},"end":{"line":478,"column":6}},"478":{"start":{"line":479,"column":0},"end":{"line":479,"column":51}},"479":{"start":{"line":480,"column":0},"end":{"line":480,"column":25}},"480":{"start":{"line":481,"column":0},"end":{"line":481,"column":63}},"481":{"start":{"line":482,"column":0},"end":{"line":482,"column":106}},"482":{"start":{"line":483,"column":0},"end":{"line":483,"column":8}},"483":{"start":{"line":484,"column":0},"end":{"line":484,"column":39}},"484":{"start":{"line":485,"column":0},"end":{"line":485,"column":60}},"485":{"start":{"line":486,"column":0},"end":{"line":486,"column":7}},"486":{"start":{"line":487,"column":0},"end":{"line":487,"column":6}},"487":{"start":{"line":488,"column":0},"end":{"line":488,"column":21}},"488":{"start":{"line":489,"column":0},"end":{"line":489,"column":72}},"489":{"start":{"line":490,"column":0},"end":{"line":490,"column":5}},"490":{"start":{"line":491,"column":0},"end":{"line":491,"column":3}},"492":{"start":{"line":493,"column":0},"end":{"line":493,"column":32}},"493":{"start":{"line":494,"column":0},"end":{"line":494,"column":47}},"494":{"start":{"line":495,"column":0},"end":{"line":495,"column":24}},"495":{"start":{"line":496,"column":0},"end":{"line":496,"column":22}},"496":{"start":{"line":497,"column":0},"end":{"line":497,"column":4}},"497":{"start":{"line":498,"column":0},"end":{"line":498,"column":33}},"498":{"start":{"line":499,"column":0},"end":{"line":499,"column":53}},"499":{"start":{"line":500,"column":0},"end":{"line":500,"column":45}},"500":{"start":{"line":501,"column":0},"end":{"line":501,"column":45}},"501":{"start":{"line":502,"column":0},"end":{"line":502,"column":58}},"502":{"start":{"line":503,"column":0},"end":{"line":503,"column":43}},"503":{"start":{"line":504,"column":0},"end":{"line":504,"column":7}},"504":{"start":{"line":505,"column":0},"end":{"line":505,"column":5}},"505":{"start":{"line":506,"column":0},"end":{"line":506,"column":4}},"506":{"start":{"line":507,"column":0},"end":{"line":507,"column":32}},"507":{"start":{"line":508,"column":0},"end":{"line":508,"column":3}},"509":{"start":{"line":510,"column":0},"end":{"line":510,"column":56}},"510":{"start":{"line":511,"column":0},"end":{"line":511,"column":32}},"511":{"start":{"line":512,"column":0},"end":{"line":512,"column":2}},"512":{"start":{"line":513,"column":0},"end":{"line":513,"column":53}},"513":{"start":{"line":514,"column":0},"end":{"line":514,"column":32}},"515":{"start":{"line":516,"column":0},"end":{"line":516,"column":52}},"516":{"start":{"line":517,"column":0},"end":{"line":517,"column":30}},"517":{"start":{"line":518,"column":0},"end":{"line":518,"column":29}},"518":{"start":{"line":519,"column":0},"end":{"line":519,"column":33}},"519":{"start":{"line":520,"column":0},"end":{"line":520,"column":32}},"520":{"start":{"line":521,"column":0},"end":{"line":521,"column":5}},"521":{"start":{"line":522,"column":0},"end":{"line":522,"column":72}},"522":{"start":{"line":523,"column":0},"end":{"line":523,"column":3}},"524":{"start":{"line":525,"column":0},"end":{"line":525,"column":44}},"525":{"start":{"line":526,"column":0},"end":{"line":526,"column":59}},"527":{"start":{"line":528,"column":0},"end":{"line":528,"column":30}},"528":{"start":{"line":529,"column":0},"end":{"line":529,"column":35}},"529":{"start":{"line":530,"column":0},"end":{"line":530,"column":9}},"530":{"start":{"line":531,"column":0},"end":{"line":531,"column":45}},"531":{"start":{"line":532,"column":0},"end":{"line":532,"column":47}},"532":{"start":{"line":533,"column":0},"end":{"line":533,"column":22}},"533":{"start":{"line":534,"column":0},"end":{"line":534,"column":18}},"534":{"start":{"line":535,"column":0},"end":{"line":535,"column":38}},"535":{"start":{"line":536,"column":0},"end":{"line":536,"column":9}},"536":{"start":{"line":537,"column":0},"end":{"line":537,"column":9}},"537":{"start":{"line":538,"column":0},"end":{"line":538,"column":25}},"538":{"start":{"line":539,"column":0},"end":{"line":539,"column":21}},"539":{"start":{"line":540,"column":0},"end":{"line":540,"column":19}},"540":{"start":{"line":541,"column":0},"end":{"line":541,"column":5}},"541":{"start":{"line":542,"column":0},"end":{"line":542,"column":3}},"543":{"start":{"line":544,"column":0},"end":{"line":544,"column":69}},"544":{"start":{"line":545,"column":0},"end":{"line":545,"column":46}},"545":{"start":{"line":546,"column":0},"end":{"line":546,"column":44}},"546":{"start":{"line":547,"column":0},"end":{"line":547,"column":29}},"547":{"start":{"line":548,"column":0},"end":{"line":548,"column":33}},"548":{"start":{"line":549,"column":0},"end":{"line":549,"column":5}},"549":{"start":{"line":550,"column":0},"end":{"line":550,"column":4}},"550":{"start":{"line":551,"column":0},"end":{"line":551,"column":50}},"551":{"start":{"line":552,"column":0},"end":{"line":552,"column":47}},"552":{"start":{"line":553,"column":0},"end":{"line":553,"column":4}},"553":{"start":{"line":554,"column":0},"end":{"line":554,"column":53}},"554":{"start":{"line":555,"column":0},"end":{"line":555,"column":58}},"556":{"start":{"line":557,"column":0},"end":{"line":557,"column":21}},"557":{"start":{"line":558,"column":0},"end":{"line":558,"column":43}},"558":{"start":{"line":559,"column":0},"end":{"line":559,"column":41}},"559":{"start":{"line":560,"column":0},"end":{"line":560,"column":35}},"560":{"start":{"line":561,"column":0},"end":{"line":561,"column":24}},"561":{"start":{"line":562,"column":0},"end":{"line":562,"column":6}},"563":{"start":{"line":564,"column":0},"end":{"line":564,"column":9}},"564":{"start":{"line":565,"column":0},"end":{"line":565,"column":61}},"565":{"start":{"line":566,"column":0},"end":{"line":566,"column":42}},"566":{"start":{"line":567,"column":0},"end":{"line":567,"column":40}},"567":{"start":{"line":568,"column":0},"end":{"line":568,"column":16}},"568":{"start":{"line":569,"column":0},"end":{"line":569,"column":41}},"569":{"start":{"line":570,"column":0},"end":{"line":570,"column":9}},"571":{"start":{"line":572,"column":0},"end":{"line":572,"column":25}},"572":{"start":{"line":573,"column":0},"end":{"line":573,"column":48}},"573":{"start":{"line":574,"column":0},"end":{"line":574,"column":37}},"574":{"start":{"line":575,"column":0},"end":{"line":575,"column":34}},"575":{"start":{"line":576,"column":0},"end":{"line":576,"column":42}},"576":{"start":{"line":577,"column":0},"end":{"line":577,"column":14}},"577":{"start":{"line":578,"column":0},"end":{"line":578,"column":66}},"578":{"start":{"line":579,"column":0},"end":{"line":579,"column":25}},"579":{"start":{"line":580,"column":0},"end":{"line":580,"column":11}},"580":{"start":{"line":581,"column":0},"end":{"line":581,"column":66}},"581":{"start":{"line":582,"column":0},"end":{"line":582,"column":7}},"583":{"start":{"line":584,"column":0},"end":{"line":584,"column":22}},"584":{"start":{"line":585,"column":0},"end":{"line":585,"column":21}},"585":{"start":{"line":586,"column":0},"end":{"line":586,"column":52}},"586":{"start":{"line":587,"column":0},"end":{"line":587,"column":40}},"587":{"start":{"line":588,"column":0},"end":{"line":588,"column":20}},"588":{"start":{"line":589,"column":0},"end":{"line":589,"column":7}},"589":{"start":{"line":590,"column":0},"end":{"line":590,"column":6}},"590":{"start":{"line":591,"column":0},"end":{"line":591,"column":37}},"591":{"start":{"line":592,"column":0},"end":{"line":592,"column":12}},"592":{"start":{"line":593,"column":0},"end":{"line":593,"column":29}},"593":{"start":{"line":594,"column":0},"end":{"line":594,"column":16}},"594":{"start":{"line":595,"column":0},"end":{"line":595,"column":26}},"595":{"start":{"line":596,"column":0},"end":{"line":596,"column":9}},"596":{"start":{"line":597,"column":0},"end":{"line":597,"column":18}},"597":{"start":{"line":598,"column":0},"end":{"line":598,"column":15}},"598":{"start":{"line":599,"column":0},"end":{"line":599,"column":74}},"599":{"start":{"line":600,"column":0},"end":{"line":600,"column":32}},"600":{"start":{"line":601,"column":0},"end":{"line":601,"column":5}},"601":{"start":{"line":602,"column":0},"end":{"line":602,"column":3}},"603":{"start":{"line":604,"column":0},"end":{"line":604,"column":40}},"604":{"start":{"line":605,"column":0},"end":{"line":605,"column":63}},"605":{"start":{"line":606,"column":0},"end":{"line":606,"column":81}},"606":{"start":{"line":607,"column":0},"end":{"line":607,"column":4}},"607":{"start":{"line":608,"column":0},"end":{"line":608,"column":53}},"608":{"start":{"line":609,"column":0},"end":{"line":609,"column":53}},"609":{"start":{"line":610,"column":0},"end":{"line":610,"column":54}},"610":{"start":{"line":611,"column":0},"end":{"line":611,"column":52}},"611":{"start":{"line":612,"column":0},"end":{"line":612,"column":54}},"612":{"start":{"line":613,"column":0},"end":{"line":613,"column":4}},"613":{"start":{"line":614,"column":0},"end":{"line":614,"column":74}},"614":{"start":{"line":615,"column":0},"end":{"line":615,"column":109}},"615":{"start":{"line":616,"column":0},"end":{"line":616,"column":4}},"616":{"start":{"line":617,"column":0},"end":{"line":617,"column":9}},"617":{"start":{"line":618,"column":0},"end":{"line":618,"column":47}},"618":{"start":{"line":619,"column":0},"end":{"line":619,"column":23}},"619":{"start":{"line":620,"column":0},"end":{"line":620,"column":18}},"620":{"start":{"line":621,"column":0},"end":{"line":621,"column":44}},"621":{"start":{"line":622,"column":0},"end":{"line":622,"column":9}},"622":{"start":{"line":623,"column":0},"end":{"line":623,"column":9}},"624":{"start":{"line":625,"column":0},"end":{"line":625,"column":25}},"625":{"start":{"line":626,"column":0},"end":{"line":626,"column":73}},"626":{"start":{"line":627,"column":0},"end":{"line":627,"column":7}},"628":{"start":{"line":629,"column":0},"end":{"line":629,"column":40}},"629":{"start":{"line":630,"column":0},"end":{"line":630,"column":42}},"630":{"start":{"line":631,"column":0},"end":{"line":631,"column":6}},"631":{"start":{"line":632,"column":0},"end":{"line":632,"column":24}},"632":{"start":{"line":633,"column":0},"end":{"line":633,"column":64}},"633":{"start":{"line":634,"column":0},"end":{"line":634,"column":7}},"635":{"start":{"line":636,"column":0},"end":{"line":636,"column":24}},"636":{"start":{"line":637,"column":0},"end":{"line":637,"column":21}},"637":{"start":{"line":638,"column":0},"end":{"line":638,"column":24}},"638":{"start":{"line":639,"column":0},"end":{"line":639,"column":43}},"639":{"start":{"line":640,"column":0},"end":{"line":640,"column":15}},"640":{"start":{"line":641,"column":0},"end":{"line":641,"column":17}},"641":{"start":{"line":642,"column":0},"end":{"line":642,"column":18}},"642":{"start":{"line":643,"column":0},"end":{"line":643,"column":9}},"643":{"start":{"line":644,"column":0},"end":{"line":644,"column":18}},"644":{"start":{"line":645,"column":0},"end":{"line":645,"column":5}},"645":{"start":{"line":646,"column":0},"end":{"line":646,"column":3}},"647":{"start":{"line":648,"column":0},"end":{"line":648,"column":58}},"648":{"start":{"line":649,"column":0},"end":{"line":649,"column":56}},"649":{"start":{"line":650,"column":0},"end":{"line":650,"column":4}},"650":{"start":{"line":651,"column":0},"end":{"line":651,"column":22}},"651":{"start":{"line":652,"column":0},"end":{"line":652,"column":75}},"652":{"start":{"line":653,"column":0},"end":{"line":653,"column":57}},"653":{"start":{"line":654,"column":0},"end":{"line":654,"column":4}},"654":{"start":{"line":655,"column":0},"end":{"line":655,"column":34}},"655":{"start":{"line":656,"column":0},"end":{"line":656,"column":11}},"656":{"start":{"line":657,"column":0},"end":{"line":657,"column":39}},"657":{"start":{"line":658,"column":0},"end":{"line":658,"column":70}},"658":{"start":{"line":659,"column":0},"end":{"line":659,"column":42}},"659":{"start":{"line":660,"column":0},"end":{"line":660,"column":45}},"660":{"start":{"line":661,"column":0},"end":{"line":661,"column":9}},"662":{"start":{"line":663,"column":0},"end":{"line":663,"column":57}},"663":{"start":{"line":664,"column":0},"end":{"line":664,"column":51}},"664":{"start":{"line":665,"column":0},"end":{"line":665,"column":8}},"665":{"start":{"line":666,"column":0},"end":{"line":666,"column":27}},"666":{"start":{"line":667,"column":0},"end":{"line":667,"column":81}},"667":{"start":{"line":668,"column":0},"end":{"line":668,"column":9}},"669":{"start":{"line":670,"column":0},"end":{"line":670,"column":45}},"670":{"start":{"line":671,"column":0},"end":{"line":671,"column":64}},"671":{"start":{"line":672,"column":0},"end":{"line":672,"column":8}},"672":{"start":{"line":673,"column":0},"end":{"line":673,"column":40}},"673":{"start":{"line":674,"column":0},"end":{"line":674,"column":58}},"674":{"start":{"line":675,"column":0},"end":{"line":675,"column":31}},"675":{"start":{"line":676,"column":0},"end":{"line":676,"column":47}},"676":{"start":{"line":677,"column":0},"end":{"line":677,"column":63}},"677":{"start":{"line":678,"column":0},"end":{"line":678,"column":44}},"678":{"start":{"line":679,"column":0},"end":{"line":679,"column":53}},"679":{"start":{"line":680,"column":0},"end":{"line":680,"column":83}},"680":{"start":{"line":681,"column":0},"end":{"line":681,"column":77}},"681":{"start":{"line":682,"column":0},"end":{"line":682,"column":27}},"682":{"start":{"line":683,"column":0},"end":{"line":683,"column":31}},"683":{"start":{"line":684,"column":0},"end":{"line":684,"column":11}},"684":{"start":{"line":685,"column":0},"end":{"line":685,"column":10}},"685":{"start":{"line":686,"column":0},"end":{"line":686,"column":34}},"686":{"start":{"line":687,"column":0},"end":{"line":687,"column":74}},"687":{"start":{"line":688,"column":0},"end":{"line":688,"column":22}},"688":{"start":{"line":689,"column":0},"end":{"line":689,"column":16}},"689":{"start":{"line":690,"column":0},"end":{"line":690,"column":47}},"690":{"start":{"line":691,"column":0},"end":{"line":691,"column":71}},"691":{"start":{"line":692,"column":0},"end":{"line":692,"column":74}},"692":{"start":{"line":693,"column":0},"end":{"line":693,"column":22}},"693":{"start":{"line":694,"column":0},"end":{"line":694,"column":9}},"694":{"start":{"line":695,"column":0},"end":{"line":695,"column":23}},"695":{"start":{"line":696,"column":0},"end":{"line":696,"column":42}},"696":{"start":{"line":697,"column":0},"end":{"line":697,"column":22}},"697":{"start":{"line":698,"column":0},"end":{"line":698,"column":9}},"698":{"start":{"line":699,"column":0},"end":{"line":699,"column":8}},"699":{"start":{"line":700,"column":0},"end":{"line":700,"column":70}},"700":{"start":{"line":701,"column":0},"end":{"line":701,"column":85}},"701":{"start":{"line":702,"column":0},"end":{"line":702,"column":8}},"702":{"start":{"line":703,"column":0},"end":{"line":703,"column":72}},"703":{"start":{"line":704,"column":0},"end":{"line":704,"column":57}},"704":{"start":{"line":705,"column":0},"end":{"line":705,"column":53}},"705":{"start":{"line":706,"column":0},"end":{"line":706,"column":53}},"706":{"start":{"line":707,"column":0},"end":{"line":707,"column":55}},"707":{"start":{"line":708,"column":0},"end":{"line":708,"column":92}},"708":{"start":{"line":709,"column":0},"end":{"line":709,"column":9}},"709":{"start":{"line":710,"column":0},"end":{"line":710,"column":8}},"710":{"start":{"line":711,"column":0},"end":{"line":711,"column":60}},"711":{"start":{"line":712,"column":0},"end":{"line":712,"column":29}},"712":{"start":{"line":713,"column":0},"end":{"line":713,"column":94}},"713":{"start":{"line":714,"column":0},"end":{"line":714,"column":9}},"714":{"start":{"line":715,"column":0},"end":{"line":715,"column":8}},"715":{"start":{"line":716,"column":0},"end":{"line":716,"column":31}},"716":{"start":{"line":717,"column":0},"end":{"line":717,"column":72}},"717":{"start":{"line":718,"column":0},"end":{"line":718,"column":20}},"718":{"start":{"line":719,"column":0},"end":{"line":719,"column":7}},"719":{"start":{"line":720,"column":0},"end":{"line":720,"column":5}},"720":{"start":{"line":721,"column":0},"end":{"line":721,"column":4}},"721":{"start":{"line":722,"column":0},"end":{"line":722,"column":84}},"722":{"start":{"line":723,"column":0},"end":{"line":723,"column":3}},"724":{"start":{"line":725,"column":0},"end":{"line":725,"column":37}},"725":{"start":{"line":726,"column":0},"end":{"line":726,"column":75}},"726":{"start":{"line":727,"column":0},"end":{"line":727,"column":48}},"727":{"start":{"line":728,"column":0},"end":{"line":728,"column":4}},"728":{"start":{"line":729,"column":0},"end":{"line":729,"column":59}},"729":{"start":{"line":730,"column":0},"end":{"line":730,"column":25}},"730":{"start":{"line":731,"column":0},"end":{"line":731,"column":59}},"731":{"start":{"line":732,"column":0},"end":{"line":732,"column":45}},"732":{"start":{"line":733,"column":0},"end":{"line":733,"column":69}},"733":{"start":{"line":734,"column":0},"end":{"line":734,"column":48}},"734":{"start":{"line":735,"column":0},"end":{"line":735,"column":61}},"735":{"start":{"line":736,"column":0},"end":{"line":736,"column":5}},"736":{"start":{"line":737,"column":0},"end":{"line":737,"column":4}},"737":{"start":{"line":738,"column":0},"end":{"line":738,"column":86}},"738":{"start":{"line":739,"column":0},"end":{"line":739,"column":3}},"740":{"start":{"line":741,"column":0},"end":{"line":741,"column":38}},"741":{"start":{"line":742,"column":0},"end":{"line":742,"column":93}},"742":{"start":{"line":743,"column":0},"end":{"line":743,"column":83}},"743":{"start":{"line":744,"column":0},"end":{"line":744,"column":4}},"744":{"start":{"line":745,"column":0},"end":{"line":745,"column":9}},"745":{"start":{"line":746,"column":0},"end":{"line":746,"column":29}},"746":{"start":{"line":747,"column":0},"end":{"line":747,"column":71}},"747":{"start":{"line":748,"column":0},"end":{"line":748,"column":6}},"748":{"start":{"line":749,"column":0},"end":{"line":749,"column":50}},"749":{"start":{"line":750,"column":0},"end":{"line":750,"column":60}},"750":{"start":{"line":751,"column":0},"end":{"line":751,"column":6}},"751":{"start":{"line":752,"column":0},"end":{"line":752,"column":62}},"752":{"start":{"line":753,"column":0},"end":{"line":753,"column":20}},"753":{"start":{"line":754,"column":0},"end":{"line":754,"column":21}},"754":{"start":{"line":755,"column":0},"end":{"line":755,"column":83}},"755":{"start":{"line":756,"column":0},"end":{"line":756,"column":77}},"756":{"start":{"line":757,"column":0},"end":{"line":757,"column":76}},"757":{"start":{"line":758,"column":0},"end":{"line":758,"column":20}},"758":{"start":{"line":759,"column":0},"end":{"line":759,"column":7}},"759":{"start":{"line":760,"column":0},"end":{"line":760,"column":6}},"760":{"start":{"line":761,"column":0},"end":{"line":761,"column":24}},"761":{"start":{"line":762,"column":0},"end":{"line":762,"column":41}},"762":{"start":{"line":763,"column":0},"end":{"line":763,"column":15}},"763":{"start":{"line":764,"column":0},"end":{"line":764,"column":17}},"764":{"start":{"line":765,"column":0},"end":{"line":765,"column":18}},"765":{"start":{"line":766,"column":0},"end":{"line":766,"column":9}},"766":{"start":{"line":767,"column":0},"end":{"line":767,"column":18}},"767":{"start":{"line":768,"column":0},"end":{"line":768,"column":5}},"768":{"start":{"line":769,"column":0},"end":{"line":769,"column":3}},"770":{"start":{"line":771,"column":0},"end":{"line":771,"column":46}},"771":{"start":{"line":772,"column":0},"end":{"line":772,"column":9}},"772":{"start":{"line":773,"column":0},"end":{"line":773,"column":46}},"773":{"start":{"line":774,"column":0},"end":{"line":774,"column":31}},"774":{"start":{"line":775,"column":0},"end":{"line":775,"column":35}},"775":{"start":{"line":776,"column":0},"end":{"line":776,"column":7}},"776":{"start":{"line":777,"column":0},"end":{"line":777,"column":6}},"777":{"start":{"line":778,"column":0},"end":{"line":778,"column":52}},"778":{"start":{"line":779,"column":0},"end":{"line":779,"column":49}},"779":{"start":{"line":780,"column":0},"end":{"line":780,"column":6}},"780":{"start":{"line":781,"column":0},"end":{"line":781,"column":78}},"781":{"start":{"line":782,"column":0},"end":{"line":782,"column":49}},"782":{"start":{"line":783,"column":0},"end":{"line":783,"column":99}},"783":{"start":{"line":784,"column":0},"end":{"line":784,"column":6}},"784":{"start":{"line":785,"column":0},"end":{"line":785,"column":80}},"785":{"start":{"line":786,"column":0},"end":{"line":786,"column":6}},"786":{"start":{"line":787,"column":0},"end":{"line":787,"column":99}},"787":{"start":{"line":788,"column":0},"end":{"line":788,"column":6}},"788":{"start":{"line":789,"column":0},"end":{"line":789,"column":144}},"789":{"start":{"line":790,"column":0},"end":{"line":790,"column":42}},"790":{"start":{"line":791,"column":0},"end":{"line":791,"column":18}},"791":{"start":{"line":792,"column":0},"end":{"line":792,"column":39}},"792":{"start":{"line":793,"column":0},"end":{"line":793,"column":38}},"793":{"start":{"line":794,"column":0},"end":{"line":794,"column":9}},"794":{"start":{"line":795,"column":0},"end":{"line":795,"column":9}},"795":{"start":{"line":796,"column":0},"end":{"line":796,"column":6}},"796":{"start":{"line":797,"column":0},"end":{"line":797,"column":30}},"797":{"start":{"line":798,"column":0},"end":{"line":798,"column":6}},"798":{"start":{"line":799,"column":0},"end":{"line":799,"column":25}},"799":{"start":{"line":800,"column":0},"end":{"line":800,"column":71}},"800":{"start":{"line":801,"column":0},"end":{"line":801,"column":7}},"801":{"start":{"line":802,"column":0},"end":{"line":802,"column":6}},"802":{"start":{"line":803,"column":0},"end":{"line":803,"column":41}},"803":{"start":{"line":804,"column":0},"end":{"line":804,"column":6}},"804":{"start":{"line":805,"column":0},"end":{"line":805,"column":60}},"805":{"start":{"line":806,"column":0},"end":{"line":806,"column":6}},"806":{"start":{"line":807,"column":0},"end":{"line":807,"column":46}},"807":{"start":{"line":808,"column":0},"end":{"line":808,"column":40}},"808":{"start":{"line":809,"column":0},"end":{"line":809,"column":39}},"809":{"start":{"line":810,"column":0},"end":{"line":810,"column":42}},"810":{"start":{"line":811,"column":0},"end":{"line":811,"column":40}},"811":{"start":{"line":812,"column":0},"end":{"line":812,"column":40}},"812":{"start":{"line":813,"column":0},"end":{"line":813,"column":45}},"813":{"start":{"line":814,"column":0},"end":{"line":814,"column":6}},"814":{"start":{"line":815,"column":0},"end":{"line":815,"column":63}},"815":{"start":{"line":816,"column":0},"end":{"line":816,"column":42}},"816":{"start":{"line":817,"column":0},"end":{"line":817,"column":44}},"817":{"start":{"line":818,"column":0},"end":{"line":818,"column":42}},"818":{"start":{"line":819,"column":0},"end":{"line":819,"column":39}},"819":{"start":{"line":820,"column":0},"end":{"line":820,"column":6}},"820":{"start":{"line":821,"column":0},"end":{"line":821,"column":83}},"821":{"start":{"line":822,"column":0},"end":{"line":822,"column":72}},"822":{"start":{"line":823,"column":0},"end":{"line":823,"column":6}},"823":{"start":{"line":824,"column":0},"end":{"line":824,"column":91}},"824":{"start":{"line":825,"column":0},"end":{"line":825,"column":6}},"825":{"start":{"line":826,"column":0},"end":{"line":826,"column":28}},"826":{"start":{"line":827,"column":0},"end":{"line":827,"column":64}},"827":{"start":{"line":828,"column":0},"end":{"line":828,"column":20}},"828":{"start":{"line":829,"column":0},"end":{"line":829,"column":49}},"829":{"start":{"line":830,"column":0},"end":{"line":830,"column":16}},"830":{"start":{"line":831,"column":0},"end":{"line":831,"column":39}},"831":{"start":{"line":832,"column":0},"end":{"line":832,"column":9}},"832":{"start":{"line":833,"column":0},"end":{"line":833,"column":7}},"833":{"start":{"line":834,"column":0},"end":{"line":834,"column":6}},"834":{"start":{"line":835,"column":0},"end":{"line":835,"column":77}},"835":{"start":{"line":836,"column":0},"end":{"line":836,"column":50}},"836":{"start":{"line":837,"column":0},"end":{"line":837,"column":83}},"837":{"start":{"line":838,"column":0},"end":{"line":838,"column":63}},"838":{"start":{"line":839,"column":0},"end":{"line":839,"column":44}},"839":{"start":{"line":840,"column":0},"end":{"line":840,"column":40}},"840":{"start":{"line":841,"column":0},"end":{"line":841,"column":9}},"841":{"start":{"line":842,"column":0},"end":{"line":842,"column":7}},"842":{"start":{"line":843,"column":0},"end":{"line":843,"column":6}},"843":{"start":{"line":844,"column":0},"end":{"line":844,"column":54}},"844":{"start":{"line":845,"column":0},"end":{"line":845,"column":17}},"845":{"start":{"line":846,"column":0},"end":{"line":846,"column":20}},"846":{"start":{"line":847,"column":0},"end":{"line":847,"column":7}},"847":{"start":{"line":848,"column":0},"end":{"line":848,"column":6}},"848":{"start":{"line":849,"column":0},"end":{"line":849,"column":51}},"849":{"start":{"line":850,"column":0},"end":{"line":850,"column":30}},"850":{"start":{"line":851,"column":0},"end":{"line":851,"column":83}},"851":{"start":{"line":852,"column":0},"end":{"line":852,"column":39}},"852":{"start":{"line":853,"column":0},"end":{"line":853,"column":80}},"853":{"start":{"line":854,"column":0},"end":{"line":854,"column":9}},"854":{"start":{"line":855,"column":0},"end":{"line":855,"column":31}},"855":{"start":{"line":856,"column":0},"end":{"line":856,"column":7}},"856":{"start":{"line":857,"column":0},"end":{"line":857,"column":6}},"857":{"start":{"line":858,"column":0},"end":{"line":858,"column":26}},"858":{"start":{"line":859,"column":0},"end":{"line":859,"column":47}},"859":{"start":{"line":860,"column":0},"end":{"line":860,"column":21}},"860":{"start":{"line":861,"column":0},"end":{"line":861,"column":40}},"861":{"start":{"line":862,"column":0},"end":{"line":862,"column":46}},"862":{"start":{"line":863,"column":0},"end":{"line":863,"column":14}},"863":{"start":{"line":864,"column":0},"end":{"line":864,"column":56}},"864":{"start":{"line":865,"column":0},"end":{"line":865,"column":60}},"865":{"start":{"line":866,"column":0},"end":{"line":866,"column":7}},"866":{"start":{"line":867,"column":0},"end":{"line":867,"column":18}},"867":{"start":{"line":868,"column":0},"end":{"line":868,"column":15}},"868":{"start":{"line":869,"column":0},"end":{"line":869,"column":74}},"869":{"start":{"line":870,"column":0},"end":{"line":870,"column":32}},"870":{"start":{"line":871,"column":0},"end":{"line":871,"column":5}},"871":{"start":{"line":872,"column":0},"end":{"line":872,"column":3}},"873":{"start":{"line":874,"column":0},"end":{"line":874,"column":60}},"874":{"start":{"line":875,"column":0},"end":{"line":875,"column":37}},"875":{"start":{"line":876,"column":0},"end":{"line":876,"column":85}},"876":{"start":{"line":877,"column":0},"end":{"line":877,"column":67}},"877":{"start":{"line":878,"column":0},"end":{"line":878,"column":27}},"878":{"start":{"line":879,"column":0},"end":{"line":879,"column":67}},"879":{"start":{"line":880,"column":0},"end":{"line":880,"column":13}},"880":{"start":{"line":881,"column":0},"end":{"line":881,"column":5}},"882":{"start":{"line":883,"column":0},"end":{"line":883,"column":65}},"883":{"start":{"line":884,"column":0},"end":{"line":884,"column":57}},"884":{"start":{"line":885,"column":0},"end":{"line":885,"column":69}},"885":{"start":{"line":886,"column":0},"end":{"line":886,"column":75}},"886":{"start":{"line":887,"column":0},"end":{"line":887,"column":69}},"887":{"start":{"line":888,"column":0},"end":{"line":888,"column":77}},"888":{"start":{"line":889,"column":0},"end":{"line":889,"column":71}},"889":{"start":{"line":890,"column":0},"end":{"line":890,"column":71}},"891":{"start":{"line":892,"column":0},"end":{"line":892,"column":89}},"892":{"start":{"line":893,"column":0},"end":{"line":893,"column":61}},"893":{"start":{"line":894,"column":0},"end":{"line":894,"column":88}},"894":{"start":{"line":895,"column":0},"end":{"line":895,"column":47}},"895":{"start":{"line":896,"column":0},"end":{"line":896,"column":12}},"896":{"start":{"line":897,"column":0},"end":{"line":897,"column":29}},"897":{"start":{"line":898,"column":0},"end":{"line":898,"column":39}},"898":{"start":{"line":899,"column":0},"end":{"line":899,"column":5}},"900":{"start":{"line":901,"column":0},"end":{"line":901,"column":82}},"901":{"start":{"line":902,"column":0},"end":{"line":902,"column":43}},"902":{"start":{"line":903,"column":0},"end":{"line":903,"column":30}},"903":{"start":{"line":904,"column":0},"end":{"line":904,"column":111}},"904":{"start":{"line":905,"column":0},"end":{"line":905,"column":82}},"905":{"start":{"line":906,"column":0},"end":{"line":906,"column":74}},"906":{"start":{"line":907,"column":0},"end":{"line":907,"column":51}},"907":{"start":{"line":908,"column":0},"end":{"line":908,"column":78}},"908":{"start":{"line":909,"column":0},"end":{"line":909,"column":13}},"909":{"start":{"line":910,"column":0},"end":{"line":910,"column":5}},"911":{"start":{"line":912,"column":0},"end":{"line":912,"column":35}},"912":{"start":{"line":913,"column":0},"end":{"line":913,"column":23}},"913":{"start":{"line":914,"column":0},"end":{"line":914,"column":42}},"914":{"start":{"line":915,"column":0},"end":{"line":915,"column":5}},"915":{"start":{"line":916,"column":0},"end":{"line":916,"column":19}},"916":{"start":{"line":917,"column":0},"end":{"line":917,"column":39}},"917":{"start":{"line":918,"column":0},"end":{"line":918,"column":5}},"919":{"start":{"line":920,"column":0},"end":{"line":920,"column":69}},"920":{"start":{"line":921,"column":0},"end":{"line":921,"column":71}},"921":{"start":{"line":922,"column":0},"end":{"line":922,"column":32}},"923":{"start":{"line":924,"column":0},"end":{"line":924,"column":37}},"924":{"start":{"line":925,"column":0},"end":{"line":925,"column":25}},"925":{"start":{"line":926,"column":0},"end":{"line":926,"column":60}},"926":{"start":{"line":927,"column":0},"end":{"line":927,"column":34}},"927":{"start":{"line":928,"column":0},"end":{"line":928,"column":9}},"928":{"start":{"line":929,"column":0},"end":{"line":929,"column":5}},"930":{"start":{"line":931,"column":0},"end":{"line":931,"column":46}},"931":{"start":{"line":932,"column":0},"end":{"line":932,"column":28}},"932":{"start":{"line":933,"column":0},"end":{"line":933,"column":57}},"933":{"start":{"line":934,"column":0},"end":{"line":934,"column":60}},"934":{"start":{"line":935,"column":0},"end":{"line":935,"column":38}},"935":{"start":{"line":936,"column":0},"end":{"line":936,"column":9}},"936":{"start":{"line":937,"column":0},"end":{"line":937,"column":5}},"938":{"start":{"line":939,"column":0},"end":{"line":939,"column":36}},"939":{"start":{"line":940,"column":0},"end":{"line":940,"column":26}},"940":{"start":{"line":941,"column":0},"end":{"line":941,"column":55}},"941":{"start":{"line":942,"column":0},"end":{"line":942,"column":38}},"942":{"start":{"line":943,"column":0},"end":{"line":943,"column":9}},"943":{"start":{"line":944,"column":0},"end":{"line":944,"column":5}},"945":{"start":{"line":946,"column":0},"end":{"line":946,"column":37}},"946":{"start":{"line":947,"column":0},"end":{"line":947,"column":25}},"947":{"start":{"line":948,"column":0},"end":{"line":948,"column":56}},"948":{"start":{"line":949,"column":0},"end":{"line":949,"column":73}},"949":{"start":{"line":950,"column":0},"end":{"line":950,"column":25}},"950":{"start":{"line":951,"column":0},"end":{"line":951,"column":48}},"951":{"start":{"line":952,"column":0},"end":{"line":952,"column":9}},"952":{"start":{"line":953,"column":0},"end":{"line":953,"column":9}},"953":{"start":{"line":954,"column":0},"end":{"line":954,"column":5}},"955":{"start":{"line":956,"column":0},"end":{"line":956,"column":38}},"956":{"start":{"line":957,"column":0},"end":{"line":957,"column":29}},"957":{"start":{"line":958,"column":0},"end":{"line":958,"column":64}},"958":{"start":{"line":959,"column":0},"end":{"line":959,"column":54}},"959":{"start":{"line":960,"column":0},"end":{"line":960,"column":31}},"960":{"start":{"line":961,"column":0},"end":{"line":961,"column":64}},"961":{"start":{"line":962,"column":0},"end":{"line":962,"column":9}},"962":{"start":{"line":963,"column":0},"end":{"line":963,"column":9}},"963":{"start":{"line":964,"column":0},"end":{"line":964,"column":5}},"964":{"start":{"line":965,"column":0},"end":{"line":965,"column":3}},"966":{"start":{"line":967,"column":0},"end":{"line":967,"column":49}},"967":{"start":{"line":968,"column":0},"end":{"line":968,"column":61}},"968":{"start":{"line":969,"column":0},"end":{"line":969,"column":73}},"969":{"start":{"line":970,"column":0},"end":{"line":970,"column":76}},"970":{"start":{"line":971,"column":0},"end":{"line":971,"column":77}},"971":{"start":{"line":972,"column":0},"end":{"line":972,"column":73}},"972":{"start":{"line":973,"column":0},"end":{"line":973,"column":4}},"973":{"start":{"line":974,"column":0},"end":{"line":974,"column":53}},"974":{"start":{"line":975,"column":0},"end":{"line":975,"column":30}},"975":{"start":{"line":976,"column":0},"end":{"line":976,"column":60}},"976":{"start":{"line":977,"column":0},"end":{"line":977,"column":158}},"977":{"start":{"line":978,"column":0},"end":{"line":978,"column":5}},"978":{"start":{"line":979,"column":0},"end":{"line":979,"column":4}},"979":{"start":{"line":980,"column":0},"end":{"line":980,"column":9}},"980":{"start":{"line":981,"column":0},"end":{"line":981,"column":30}},"981":{"start":{"line":982,"column":0},"end":{"line":982,"column":65}},"982":{"start":{"line":983,"column":0},"end":{"line":983,"column":21}},"983":{"start":{"line":984,"column":0},"end":{"line":984,"column":91}},"984":{"start":{"line":985,"column":0},"end":{"line":985,"column":15}},"985":{"start":{"line":986,"column":0},"end":{"line":986,"column":7}},"986":{"start":{"line":987,"column":0},"end":{"line":987,"column":21}},"987":{"start":{"line":988,"column":0},"end":{"line":988,"column":62}},"988":{"start":{"line":989,"column":0},"end":{"line":989,"column":45}},"989":{"start":{"line":990,"column":0},"end":{"line":990,"column":5}},"991":{"start":{"line":992,"column":0},"end":{"line":992,"column":50}},"992":{"start":{"line":993,"column":0},"end":{"line":993,"column":9}},"993":{"start":{"line":994,"column":0},"end":{"line":994,"column":49}},"994":{"start":{"line":995,"column":0},"end":{"line":995,"column":21}},"995":{"start":{"line":996,"column":0},"end":{"line":996,"column":91}},"996":{"start":{"line":997,"column":0},"end":{"line":997,"column":15}},"997":{"start":{"line":998,"column":0},"end":{"line":998,"column":7}},"998":{"start":{"line":999,"column":0},"end":{"line":999,"column":21}},"999":{"start":{"line":1000,"column":0},"end":{"line":1000,"column":55}},"1000":{"start":{"line":1001,"column":0},"end":{"line":1001,"column":5}},"1002":{"start":{"line":1003,"column":0},"end":{"line":1003,"column":46}},"1003":{"start":{"line":1004,"column":0},"end":{"line":1004,"column":30}},"1004":{"start":{"line":1005,"column":0},"end":{"line":1005,"column":59}},"1005":{"start":{"line":1006,"column":0},"end":{"line":1006,"column":202}},"1006":{"start":{"line":1007,"column":0},"end":{"line":1007,"column":45}},"1007":{"start":{"line":1008,"column":0},"end":{"line":1008,"column":105}},"1008":{"start":{"line":1009,"column":0},"end":{"line":1009,"column":6}},"1009":{"start":{"line":1010,"column":0},"end":{"line":1010,"column":29}},"1010":{"start":{"line":1011,"column":0},"end":{"line":1011,"column":85}},"1011":{"start":{"line":1012,"column":0},"end":{"line":1012,"column":34}},"1012":{"start":{"line":1013,"column":0},"end":{"line":1013,"column":70}},"1013":{"start":{"line":1014,"column":0},"end":{"line":1014,"column":29}},"1014":{"start":{"line":1015,"column":0},"end":{"line":1015,"column":47}},"1015":{"start":{"line":1016,"column":0},"end":{"line":1016,"column":11}},"1016":{"start":{"line":1017,"column":0},"end":{"line":1017,"column":7}},"1017":{"start":{"line":1018,"column":0},"end":{"line":1018,"column":5}},"1018":{"start":{"line":1019,"column":0},"end":{"line":1019,"column":3}},"1020":{"start":{"line":1021,"column":0},"end":{"line":1021,"column":38}},"1021":{"start":{"line":1022,"column":0},"end":{"line":1022,"column":71}},"1022":{"start":{"line":1023,"column":0},"end":{"line":1023,"column":68}},"1023":{"start":{"line":1024,"column":0},"end":{"line":1024,"column":83}},"1025":{"start":{"line":1026,"column":0},"end":{"line":1026,"column":25}},"1026":{"start":{"line":1027,"column":0},"end":{"line":1027,"column":60}},"1027":{"start":{"line":1028,"column":0},"end":{"line":1028,"column":76}},"1028":{"start":{"line":1029,"column":0},"end":{"line":1029,"column":64}},"1030":{"start":{"line":1031,"column":0},"end":{"line":1031,"column":9}},"1031":{"start":{"line":1032,"column":0},"end":{"line":1032,"column":30}},"1032":{"start":{"line":1033,"column":0},"end":{"line":1033,"column":65}},"1033":{"start":{"line":1034,"column":0},"end":{"line":1034,"column":21}},"1034":{"start":{"line":1035,"column":0},"end":{"line":1035,"column":91}},"1035":{"start":{"line":1036,"column":0},"end":{"line":1036,"column":15}},"1036":{"start":{"line":1037,"column":0},"end":{"line":1037,"column":7}},"1037":{"start":{"line":1038,"column":0},"end":{"line":1038,"column":21}},"1038":{"start":{"line":1039,"column":0},"end":{"line":1039,"column":49}},"1039":{"start":{"line":1040,"column":0},"end":{"line":1040,"column":5}},"1041":{"start":{"line":1042,"column":0},"end":{"line":1042,"column":50}},"1042":{"start":{"line":1043,"column":0},"end":{"line":1043,"column":9}},"1043":{"start":{"line":1044,"column":0},"end":{"line":1044,"column":51}},"1044":{"start":{"line":1045,"column":0},"end":{"line":1045,"column":23}},"1045":{"start":{"line":1046,"column":0},"end":{"line":1046,"column":56}},"1046":{"start":{"line":1047,"column":0},"end":{"line":1047,"column":93}},"1047":{"start":{"line":1048,"column":0},"end":{"line":1048,"column":15}},"1048":{"start":{"line":1049,"column":0},"end":{"line":1049,"column":7}},"1049":{"start":{"line":1050,"column":0},"end":{"line":1050,"column":21}},"1050":{"start":{"line":1051,"column":0},"end":{"line":1051,"column":55}},"1051":{"start":{"line":1052,"column":0},"end":{"line":1052,"column":5}},"1053":{"start":{"line":1054,"column":0},"end":{"line":1054,"column":42}},"1054":{"start":{"line":1055,"column":0},"end":{"line":1055,"column":34}},"1055":{"start":{"line":1056,"column":0},"end":{"line":1056,"column":3}},"1057":{"start":{"line":1058,"column":0},"end":{"line":1058,"column":54}},"1058":{"start":{"line":1059,"column":0},"end":{"line":1059,"column":45}},"1059":{"start":{"line":1060,"column":0},"end":{"line":1060,"column":35}},"1060":{"start":{"line":1061,"column":0},"end":{"line":1061,"column":55}},"1061":{"start":{"line":1062,"column":0},"end":{"line":1062,"column":15}},"1062":{"start":{"line":1063,"column":0},"end":{"line":1063,"column":7}},"1064":{"start":{"line":1065,"column":0},"end":{"line":1065,"column":49}},"1065":{"start":{"line":1066,"column":0},"end":{"line":1066,"column":56}},"1067":{"start":{"line":1068,"column":0},"end":{"line":1068,"column":47}},"1068":{"start":{"line":1069,"column":0},"end":{"line":1069,"column":29}},"1069":{"start":{"line":1070,"column":0},"end":{"line":1070,"column":15}},"1070":{"start":{"line":1071,"column":0},"end":{"line":1071,"column":60}},"1071":{"start":{"line":1072,"column":0},"end":{"line":1072,"column":74}},"1072":{"start":{"line":1073,"column":0},"end":{"line":1073,"column":30}},"1073":{"start":{"line":1074,"column":0},"end":{"line":1074,"column":27}},"1074":{"start":{"line":1075,"column":0},"end":{"line":1075,"column":26}},"1075":{"start":{"line":1076,"column":0},"end":{"line":1076,"column":11}},"1076":{"start":{"line":1077,"column":0},"end":{"line":1077,"column":10}},"1077":{"start":{"line":1078,"column":0},"end":{"line":1078,"column":20}},"1078":{"start":{"line":1079,"column":0},"end":{"line":1079,"column":24}},"1079":{"start":{"line":1080,"column":0},"end":{"line":1080,"column":10}},"1080":{"start":{"line":1081,"column":0},"end":{"line":1081,"column":9}},"1081":{"start":{"line":1082,"column":0},"end":{"line":1082,"column":36}},"1082":{"start":{"line":1083,"column":0},"end":{"line":1083,"column":27}},"1083":{"start":{"line":1084,"column":0},"end":{"line":1084,"column":28}},"1084":{"start":{"line":1085,"column":0},"end":{"line":1085,"column":9}},"1085":{"start":{"line":1086,"column":0},"end":{"line":1086,"column":8}},"1086":{"start":{"line":1087,"column":0},"end":{"line":1087,"column":7}},"1087":{"start":{"line":1088,"column":0},"end":{"line":1088,"column":3}},"1089":{"start":{"line":1090,"column":0},"end":{"line":1090,"column":38}},"1090":{"start":{"line":1091,"column":0},"end":{"line":1091,"column":9}},"1091":{"start":{"line":1092,"column":0},"end":{"line":1092,"column":61}},"1092":{"start":{"line":1093,"column":0},"end":{"line":1093,"column":60}},"1093":{"start":{"line":1094,"column":0},"end":{"line":1094,"column":6}},"1094":{"start":{"line":1095,"column":0},"end":{"line":1095,"column":41}},"1095":{"start":{"line":1096,"column":0},"end":{"line":1096,"column":43}},"1096":{"start":{"line":1097,"column":0},"end":{"line":1097,"column":52}},"1097":{"start":{"line":1098,"column":0},"end":{"line":1098,"column":7}},"1098":{"start":{"line":1099,"column":0},"end":{"line":1099,"column":18}},"1099":{"start":{"line":1100,"column":0},"end":{"line":1100,"column":21}},"1100":{"start":{"line":1101,"column":0},"end":{"line":1101,"column":62}},"1101":{"start":{"line":1102,"column":0},"end":{"line":1102,"column":18}},"1102":{"start":{"line":1103,"column":0},"end":{"line":1103,"column":5}},"1103":{"start":{"line":1104,"column":0},"end":{"line":1104,"column":3}},"1105":{"start":{"line":1106,"column":0},"end":{"line":1106,"column":48}},"1106":{"start":{"line":1107,"column":0},"end":{"line":1107,"column":51}},"1107":{"start":{"line":1108,"column":0},"end":{"line":1108,"column":68}},"1108":{"start":{"line":1109,"column":0},"end":{"line":1109,"column":83}},"1109":{"start":{"line":1110,"column":0},"end":{"line":1110,"column":71}},"1110":{"start":{"line":1111,"column":0},"end":{"line":1111,"column":69}},"1112":{"start":{"line":1113,"column":0},"end":{"line":1113,"column":33}},"1113":{"start":{"line":1114,"column":0},"end":{"line":1114,"column":37}},"1114":{"start":{"line":1115,"column":0},"end":{"line":1115,"column":53}},"1115":{"start":{"line":1116,"column":0},"end":{"line":1116,"column":41}},"1116":{"start":{"line":1117,"column":0},"end":{"line":1117,"column":38}},"1117":{"start":{"line":1118,"column":0},"end":{"line":1118,"column":7}},"1119":{"start":{"line":1120,"column":0},"end":{"line":1120,"column":36}},"1120":{"start":{"line":1121,"column":0},"end":{"line":1121,"column":64}},"1121":{"start":{"line":1122,"column":0},"end":{"line":1122,"column":60}},"1123":{"start":{"line":1124,"column":0},"end":{"line":1124,"column":62}},"1125":{"start":{"line":1126,"column":0},"end":{"line":1126,"column":75}},"1126":{"start":{"line":1127,"column":0},"end":{"line":1127,"column":32}},"1127":{"start":{"line":1128,"column":0},"end":{"line":1128,"column":52}},"1128":{"start":{"line":1129,"column":0},"end":{"line":1129,"column":48}},"1129":{"start":{"line":1130,"column":0},"end":{"line":1130,"column":5}},"1131":{"start":{"line":1132,"column":0},"end":{"line":1132,"column":65}},"1132":{"start":{"line":1133,"column":0},"end":{"line":1133,"column":57}},"1133":{"start":{"line":1134,"column":0},"end":{"line":1134,"column":20}},"1134":{"start":{"line":1135,"column":0},"end":{"line":1135,"column":77}},"1135":{"start":{"line":1136,"column":0},"end":{"line":1136,"column":42}},"1136":{"start":{"line":1137,"column":0},"end":{"line":1137,"column":12}},"1137":{"start":{"line":1138,"column":0},"end":{"line":1138,"column":64}},"1138":{"start":{"line":1139,"column":0},"end":{"line":1139,"column":11}},"1139":{"start":{"line":1140,"column":0},"end":{"line":1140,"column":53}},"1140":{"start":{"line":1141,"column":0},"end":{"line":1141,"column":49}},"1141":{"start":{"line":1142,"column":0},"end":{"line":1142,"column":44}},"1142":{"start":{"line":1143,"column":0},"end":{"line":1143,"column":23}},"1143":{"start":{"line":1144,"column":0},"end":{"line":1144,"column":52}},"1144":{"start":{"line":1145,"column":0},"end":{"line":1145,"column":57}},"1145":{"start":{"line":1146,"column":0},"end":{"line":1146,"column":57}},"1146":{"start":{"line":1147,"column":0},"end":{"line":1147,"column":65}},"1147":{"start":{"line":1148,"column":0},"end":{"line":1148,"column":52}},"1148":{"start":{"line":1149,"column":0},"end":{"line":1149,"column":7}},"1149":{"start":{"line":1150,"column":0},"end":{"line":1150,"column":5}},"1150":{"start":{"line":1151,"column":0},"end":{"line":1151,"column":3}},"1152":{"start":{"line":1153,"column":0},"end":{"line":1153,"column":42}},"1153":{"start":{"line":1154,"column":0},"end":{"line":1154,"column":68}},"1154":{"start":{"line":1155,"column":0},"end":{"line":1155,"column":83}},"1156":{"start":{"line":1157,"column":0},"end":{"line":1157,"column":76}},"1157":{"start":{"line":1158,"column":0},"end":{"line":1158,"column":60}},"1158":{"start":{"line":1159,"column":0},"end":{"line":1159,"column":3}},"1160":{"start":{"line":1161,"column":0},"end":{"line":1161,"column":45}},"1161":{"start":{"line":1162,"column":0},"end":{"line":1162,"column":9}},"1162":{"start":{"line":1163,"column":0},"end":{"line":1163,"column":60}},"1163":{"start":{"line":1164,"column":0},"end":{"line":1164,"column":78}},"1164":{"start":{"line":1165,"column":0},"end":{"line":1165,"column":69}},"1165":{"start":{"line":1166,"column":0},"end":{"line":1166,"column":6}},"1166":{"start":{"line":1167,"column":0},"end":{"line":1167,"column":41}},"1167":{"start":{"line":1168,"column":0},"end":{"line":1168,"column":84}},"1168":{"start":{"line":1169,"column":0},"end":{"line":1169,"column":34}},"1169":{"start":{"line":1170,"column":0},"end":{"line":1170,"column":21}},"1170":{"start":{"line":1171,"column":0},"end":{"line":1171,"column":63}},"1171":{"start":{"line":1172,"column":0},"end":{"line":1172,"column":62}},"1172":{"start":{"line":1173,"column":0},"end":{"line":1173,"column":54}},"1173":{"start":{"line":1174,"column":0},"end":{"line":1174,"column":36}},"1174":{"start":{"line":1175,"column":0},"end":{"line":1175,"column":5}},"1175":{"start":{"line":1176,"column":0},"end":{"line":1176,"column":3}},"1177":{"start":{"line":1178,"column":0},"end":{"line":1178,"column":35}},"1178":{"start":{"line":1179,"column":0},"end":{"line":1179,"column":12}},"1179":{"start":{"line":1180,"column":0},"end":{"line":1180,"column":40}},"1180":{"start":{"line":1181,"column":0},"end":{"line":1181,"column":42}},"1181":{"start":{"line":1182,"column":0},"end":{"line":1182,"column":22}},"1182":{"start":{"line":1183,"column":0},"end":{"line":1183,"column":21}},"1183":{"start":{"line":1184,"column":0},"end":{"line":1184,"column":43}},"1184":{"start":{"line":1185,"column":0},"end":{"line":1185,"column":33}},"1185":{"start":{"line":1186,"column":0},"end":{"line":1186,"column":24}},"1186":{"start":{"line":1187,"column":0},"end":{"line":1187,"column":22}},"1187":{"start":{"line":1188,"column":0},"end":{"line":1188,"column":20}},"1188":{"start":{"line":1189,"column":0},"end":{"line":1189,"column":31}},"1189":{"start":{"line":1190,"column":0},"end":{"line":1190,"column":44}},"1190":{"start":{"line":1191,"column":0},"end":{"line":1191,"column":39}},"1191":{"start":{"line":1192,"column":0},"end":{"line":1192,"column":24}},"1192":{"start":{"line":1193,"column":0},"end":{"line":1193,"column":26}},"1193":{"start":{"line":1194,"column":0},"end":{"line":1194,"column":28}},"1194":{"start":{"line":1195,"column":0},"end":{"line":1195,"column":28}},"1195":{"start":{"line":1196,"column":0},"end":{"line":1196,"column":24}},"1196":{"start":{"line":1197,"column":0},"end":{"line":1197,"column":26}},"1197":{"start":{"line":1198,"column":0},"end":{"line":1198,"column":21}},"1198":{"start":{"line":1199,"column":0},"end":{"line":1199,"column":25}},"1199":{"start":{"line":1200,"column":0},"end":{"line":1200,"column":6}},"1200":{"start":{"line":1201,"column":0},"end":{"line":1201,"column":3}},"1202":{"start":{"line":1203,"column":0},"end":{"line":1203,"column":48}},"1203":{"start":{"line":1204,"column":0},"end":{"line":1204,"column":69}},"1204":{"start":{"line":1205,"column":0},"end":{"line":1205,"column":26}},"1205":{"start":{"line":1206,"column":0},"end":{"line":1206,"column":52}},"1206":{"start":{"line":1207,"column":0},"end":{"line":1207,"column":13}},"1207":{"start":{"line":1208,"column":0},"end":{"line":1208,"column":5}},"1209":{"start":{"line":1210,"column":0},"end":{"line":1210,"column":81}},"1211":{"start":{"line":1212,"column":0},"end":{"line":1212,"column":29}},"1212":{"start":{"line":1213,"column":0},"end":{"line":1213,"column":34}},"1214":{"start":{"line":1215,"column":0},"end":{"line":1215,"column":25}},"1215":{"start":{"line":1216,"column":0},"end":{"line":1216,"column":59}},"1216":{"start":{"line":1217,"column":0},"end":{"line":1217,"c
[...]
umn":48}},"40":{"start":{"line":41,"column":0},"end":{"line":41,"column":9}},"41":{"start":{"line":42,"column":0},"end":{"line":42,"column":6}},"42":{"start":{"line":43,"column":0},"end":{"line":43,"column":43}},"43":{"start":{"line":44,"column":0},"end":{"line":44,"column":24}},"44":{"start":{"line":45,"column":0},"end":{"line":45,"column":93}},"45":{"start":{"line":46,"column":0},"end":{"line":46,"column":25}},"46":{"start":{"line":47,"column":0},"end":{"line":47,"column":58}},"47":{"start":{"line":48,"column":0},"end":{"line":48,"column":9}},"48":{"start":{"line":49,"column":0},"end":{"line":49,"column":7}},"49":{"start":{"line":50,"column":0},"end":{"line":50,"column":13}},"50":{"start":{"line":51,"column":0},"end":{"line":51,"column":5}},"51":{"start":{"line":52,"column":0},"end":{"line":52,"column":4}},"52":{"start":{"line":53,"column":0},"end":{"line":53,"column":70}},"53":{"start":{"line":54,"column":0},"end":{"line":54,"column":82}},"54":{"start":{"line":55,"column":0},"end":{"line":55,"column":7}},"55":{"start":{"line":56,"column":0},"end":{"line":56,"column":3}},"57":{"start":{"line":58,"column":0},"end":{"line":58,"column":25}},"58":{"start":{"line":59,"column":0},"end":{"line":59,"column":66}},"59":{"start":{"line":60,"column":0},"end":{"line":60,"column":18}},"60":{"start":{"line":61,"column":0},"end":{"line":61,"column":66}},"61":{"start":{"line":62,"column":0},"end":{"line":62,"column":13}},"62":{"start":{"line":63,"column":0},"end":{"line":63,"column":5}},"63":{"start":{"line":64,"column":0},"end":{"line":64,"column":67}},"64":{"start":{"line":65,"column":0},"end":{"line":65,"column":118}},"65":{"start":{"line":66,"column":0},"end":{"line":66,"column":29}},"66":{"start":{"line":67,"column":0},"end":{"line":67,"column":39}},"67":{"start":{"line":68,"column":0},"end":{"line":68,"column":31}},"68":{"start":{"line":69,"column":0},"end":{"line":69,"column":91}},"69":{"start":{"line":70,"column":0},"end":{"line":70,"column":7}},"70":{"start":{"line":71,"column":0},"end":{"line":71,"column":3}},"72":{"start":{"line":73,"column":0},"end":{"line":73,"column":26}},"73":{"start":{"line":74,"column":0},"end":{"line":74,"column":62}},"74":{"start":{"line":75,"column":0},"end":{"line":75,"column":27}},"75":{"start":{"line":76,"column":0},"end":{"line":76,"column":51}},"76":{"start":{"line":77,"column":0},"end":{"line":77,"column":45}},"77":{"start":{"line":78,"column":0},"end":{"line":78,"column":26}},"78":{"start":{"line":79,"column":0},"end":{"line":79,"column":50}},"79":{"start":{"line":80,"column":0},"end":{"line":80,"column":24}},"80":{"start":{"line":81,"column":0},"end":{"line":81,"column":7}},"81":{"start":{"line":82,"column":0},"end":{"line":82,"column":34}},"82":{"start":{"line":83,"column":0},"end":{"line":83,"column":5}},"83":{"start":{"line":84,"column":0},"end":{"line":84,"column":4}},"84":{"start":{"line":85,"column":0},"end":{"line":85,"column":32}},"85":{"start":{"line":86,"column":0},"end":{"line":86,"column":48}},"86":{"start":{"line":87,"column":0},"end":{"line":87,"column":45}},"87":{"start":{"line":88,"column":0},"end":{"line":88,"column":58}},"88":{"start":{"line":89,"column":0},"end":{"line":89,"column":51}},"89":{"start":{"line":90,"column":0},"end":{"line":90,"column":3}},"91":{"start":{"line":92,"column":0},"end":{"line":92,"column":32}},"92":{"start":{"line":93,"column":0},"end":{"line":93,"column":31}},"93":{"start":{"line":94,"column":0},"end":{"line":94,"column":108}},"94":{"start":{"line":95,"column":0},"end":{"line":95,"column":24}},"95":{"start":{"line":96,"column":0},"end":{"line":96,"column":4}},"96":{"start":{"line":97,"column":0},"end":{"line":97,"column":50}},"97":{"start":{"line":98,"column":0},"end":{"line":98,"column":27}},"98":{"start":{"line":99,"column":0},"end":{"line":99,"column":93}},"99":{"start":{"line":100,"column":0},"end":{"line":100,"column":18}},"100":{"start":{"line":101,"column":0},"end":{"line":101,"column":13}},"101":{"start":{"line":102,"column":0},"end":{"line":102,"column":5}},"102":{"start":{"line":103,"column":0},"end":{"line":103,"column":4}},"103":{"start":{"line":104,"column":0},"end":{"line":104,"column":74}},"104":{"start":{"line":105,"column":0},"end":{"line":105,"column":4}},"105":{"start":{"line":106,"column":0},"end":{"line":106,"column":71}},"106":{"start":{"line":107,"column":0},"end":{"line":107,"column":62}},"107":{"start":{"line":108,"column":0},"end":{"line":108,"column":36}},"108":{"start":{"line":109,"column":0},"end":{"line":109,"column":85}},"109":{"start":{"line":110,"column":0},"end":{"line":110,"column":19}},"110":{"start":{"line":111,"column":0},"end":{"line":111,"column":42}},"111":{"start":{"line":112,"column":0},"end":{"line":112,"column":42}},"112":{"start":{"line":113,"column":0},"end":{"line":113,"column":9}},"113":{"start":{"line":114,"column":0},"end":{"line":114,"column":6}},"114":{"start":{"line":115,"column":0},"end":{"line":115,"column":33}},"115":{"start":{"line":116,"column":0},"end":{"line":116,"column":111}},"116":{"start":{"line":117,"column":0},"end":{"line":117,"column":8}},"117":{"start":{"line":118,"column":0},"end":{"line":118,"column":59}},"118":{"start":{"line":119,"column":0},"end":{"line":119,"column":69}},"119":{"start":{"line":120,"column":0},"end":{"line":120,"column":68}},"120":{"start":{"line":121,"column":0},"end":{"line":121,"column":110}},"121":{"start":{"line":122,"column":0},"end":{"line":122,"column":17}},"122":{"start":{"line":123,"column":0},"end":{"line":123,"column":9}},"123":{"start":{"line":124,"column":0},"end":{"line":124,"column":8}},"124":{"start":{"line":125,"column":0},"end":{"line":125,"column":89}},"125":{"start":{"line":126,"column":0},"end":{"line":126,"column":71}},"126":{"start":{"line":127,"column":0},"end":{"line":127,"column":32}},"127":{"start":{"line":128,"column":0},"end":{"line":128,"column":112}},"128":{"start":{"line":129,"column":0},"end":{"line":129,"column":35}},"129":{"start":{"line":130,"column":0},"end":{"line":130,"column":9}},"130":{"start":{"line":131,"column":0},"end":{"line":131,"column":15}},"131":{"start":{"line":132,"column":0},"end":{"line":132,"column":7}},"132":{"start":{"line":133,"column":0},"end":{"line":133,"column":5}},"133":{"start":{"line":134,"column":0},"end":{"line":134,"column":4}},"134":{"start":{"line":135,"column":0},"end":{"line":135,"column":83}},"135":{"start":{"line":136,"column":0},"end":{"line":136,"column":4}},"136":{"start":{"line":137,"column":0},"end":{"line":137,"column":19}},"137":{"start":{"line":138,"column":0},"end":{"line":138,"column":20}},"138":{"start":{"line":139,"column":0},"end":{"line":139,"column":30}},"139":{"start":{"line":140,"column":0},"end":{"line":140,"column":48}},"140":{"start":{"line":141,"column":0},"end":{"line":141,"column":14}},"141":{"start":{"line":142,"column":0},"end":{"line":142,"column":19}},"142":{"start":{"line":143,"column":0},"end":{"line":143,"column":29}},"143":{"start":{"line":144,"column":0},"end":{"line":144,"column":53}},"144":{"start":{"line":145,"column":0},"end":{"line":145,"column":14}},"145":{"start":{"line":146,"column":0},"end":{"line":146,"column":20}},"146":{"start":{"line":147,"column":0},"end":{"line":147,"column":30}},"147":{"start":{"line":148,"column":0},"end":{"line":148,"column":54}},"148":{"start":{"line":149,"column":0},"end":{"line":149,"column":14}},"149":{"start":{"line":150,"column":0},"end":{"line":150,"column":19}},"150":{"start":{"line":151,"column":0},"end":{"line":151,"column":29}},"151":{"start":{"line":152,"column":0},"end":{"line":152,"column":53}},"152":{"start":{"line":153,"column":0},"end":{"line":153,"column":14}},"153":{"start":{"line":154,"column":0},"end":{"line":154,"column":20}},"154":{"start":{"line":155,"column":0},"end":{"line":155,"column":30}},"155":{"start":{"line":156,"column":0},"end":{"line":156,"column":54}},"156":{"start":{"line":157,"column":0},"end":{"line":157,"column":14}},"157":{"start":{"line":158,"column":0},"end":{"line":158,"column":22}},"158":{"start":{"line":159,"column":0},"end":{"line":159,"column":32}},"159":{"start":{"line":160,"column":0},"end":{"line":160,"column":56}},"160":{"start":{"line":161,"column":0},"end":{"line":161,"column":14}},"161":{"start":{"line":162,"column":0},"end":{"line":162,"column":5}},"162":{"start":{"line":163,"column":0},"end":{"line":163,"column":16}},"163":{"start":{"line":164,"column":0},"end":{"line":164,"column":3}},"165":{"start":{"line":166,"column":0},"end":{"line":166,"column":23}},"166":{"start":{"line":167,"column":0},"end":{"line":167,"column":34}},"167":{"start":{"line":168,"column":0},"end":{"line":168,"column":45}},"168":{"start":{"line":169,"column":0},"end":{"line":169,"column":52}},"169":{"start":{"line":170,"column":0},"end":{"line":170,"column":32}},"170":{"start":{"line":171,"column":0},"end":{"line":171,"column":3}},"171":{"start":{"line":172,"column":0},"end":{"line":172,"column":24}},"172":{"start":{"line":173,"column":0},"end":{"line":173,"column":37}},"173":{"start":{"line":174,"column":0},"end":{"line":174,"column":48}},"174":{"start":{"line":175,"column":0},"end":{"line":175,"column":53}},"175":{"start":{"line":176,"column":0},"end":{"line":176,"column":32}},"176":{"start":{"line":177,"column":0},"end":{"line":177,"column":3}},"178":{"start":{"line":179,"column":0},"end":{"line":179,"column":46}},"179":{"start":{"line":180,"column":0},"end":{"line":180,"column":52}},"180":{"start":{"line":181,"column":0},"end":{"line":181,"column":43}},"181":{"start":{"line":182,"column":0},"end":{"line":182,"column":5}},"183":{"start":{"line":184,"column":0},"end":{"line":184,"column":45}},"184":{"start":{"line":185,"column":0},"end":{"line":185,"column":53}},"185":{"start":{"line":186,"column":0},"end":{"line":186,"column":17}},"186":{"start":{"line":187,"column":0},"end":{"line":187,"column":43}},"187":{"start":{"line":188,"column":0},"end":{"line":188,"column":18}},"188":{"start":{"line":189,"column":0},"end":{"line":189,"column":6}},"189":{"start":{"line":190,"column":0},"end":{"line":190,"column":90}},"190":{"start":{"line":191,"column":0},"end":{"line":191,"column":29}},"191":{"start":{"line":192,"column":0},"end":{"line":192,"column":59}},"192":{"start":{"line":193,"column":0},"end":{"line":193,"column":7}},"193":{"start":{"line":194,"column":0},"end":{"line":194,"column":6}},"194":{"start":{"line":195,"column":0},"end":{"line":195,"column":30}},"195":{"start":{"line":196,"column":0},"end":{"line":196,"column":41}},"196":{"start":{"line":197,"column":0},"end":{"line":197,"column":85}},"197":{"start":{"line":198,"column":0},"end":{"line":198,"column":6}},"198":{"start":{"line":199,"column":0},"end":{"line":199,"column":38}},"199":{"start":{"line":200,"column":0},"end":{"line":200,"column":27}},"200":{"start":{"line":201,"column":0},"end":{"line":201,"column":32}},"201":{"start":{"line":202,"column":0},"end":{"line":202,"column":43}},"202":{"start":{"line":203,"column":0},"end":{"line":203,"column":7}},"203":{"start":{"line":204,"column":0},"end":{"line":204,"column":5}},"204":{"start":{"line":205,"column":0},"end":{"line":205,"column":5}},"206":{"start":{"line":207,"column":0},"end":{"line":207,"column":54}},"207":{"start":{"line":208,"column":0},"end":{"line":208,"column":78}},"208":{"start":{"line":209,"column":0},"end":{"line":209,"column":27}},"209":{"start":{"line":210,"column":0},"end":{"line":210,"column":57}},"210":{"start":{"line":211,"column":0},"end":{"line":211,"column":5}},"211":{"start":{"line":212,"column":0},"end":{"line":212,"column":23}},"212":{"start":{"line":213,"column":0},"end":{"line":213,"column":37}},"213":{"start":{"line":214,"column":0},"end":{"line":214,"column":5}},"215":{"start":{"line":216,"column":0},"end":{"line":216,"column":43}},"216":{"start":{"line":217,"column":0},"end":{"line":217,"column":45}},"217":{"start":{"line":218,"column":0},"end":{"line":218,"column":62}},"218":{"start":{"line":219,"column":0},"end":{"line":219,"column":24}},"219":{"start":{"line":220,"column":0},"end":{"line":220,"column":60}},"220":{"start":{"line":221,"column":0},"end":{"line":221,"column":63}},"221":{"start":{"line":222,"column":0},"end":{"line":222,"column":60}},"222":{"start":{"line":223,"column":0},"end":{"line":223,"column":6}},"223":{"start":{"line":224,"column":0},"end":{"line":224,"column":54}},"224":{"start":{"line":225,"column":0},"end":{"line":225,"column":20}},"225":{"start":{"line":226,"column":0},"end":{"line":226,"column":7}},"226":{"start":{"line":227,"column":0},"end":{"line":227,"column":5}},"227":{"start":{"line":228,"column":0},"end":{"line":228,"column":5}},"229":{"start":{"line":230,"column":0},"end":{"line":230,"column":53}},"230":{"start":{"line":231,"column":0},"end":{"line":231,"column":59}},"232":{"start":{"line":233,"column":0},"end":{"line":233,"column":65}},"233":{"start":{"line":234,"column":0},"end":{"line":234,"column":42}},"234":{"start":{"line":235,"column":0},"end":{"line":235,"column":5}}},"s":{"0":0,"1":0,"2":0,"3":0,"4":0,"5":0,"7":0,"8":0,"9":0,"10":0,"11":0,"12":0,"13":0,"14":0,"15":0,"16":0,"17":0,"19":0,"20":0,"21":0,"22":0,"23":0,"25":0,"26":0,"27":0,"28":0,"29":0,"30":0,"31":0,"32":0,"33":0,"34":0,"35":0,"36":0,"37":0,"38":0,"39":0,"40":0,"41":0,"42":0,"43":0,"44":0,"45":0,"46":0,"47":0,"48":0,"49":0,"50":0,"51":0,"52":0,"53":0,"54":0,"55":0,"57":0,"58":0,"59":0,"60":0,"61":0,"62":0,"63":0,"64":0,"65":0,"66":0,"67":0,"68":0,"69":0,"70":0,"72":0,"73":0,"74":0,"75":0,"76":0,"77":0,"78":0,"79":0,"80":0,"81":0,"82":0,"83":0,"84":0,"85":0,"86":0,"87":0,"88":0,"89":0,"91":0,"92":0,"93":0,"94":0,"95":0,"96":0,"97":0,"98":0,"99":0,"100":0,"101":0,"102":0,"103":0,"104":0,"105":0,"106":0,"107":0,"108":0,"109":0,"110":0,"111":0,"112":0,"113":0,"114":0,"115":0,"116":0,"117":0,"118":0,"119":0,"120":0,"121":0,"122":0,"123":0,"124":0,"125":0,"126":0,"127":0,"128":0,"129":0,"130":0,"131":0,"132":0,"133":0,"134":0,"135":0,"136":0,"137":0,"138":0,"139":0,"140":0,"141":0,"142":0,"143":0,"144":0,"145":0,"146":0,"147":0,"148":0,"149":0,"150":0,"151":0,"152":0,"153":0,"154":0,"155":0,"156":0,"157":0,"158":0,"159":0,"160":0,"161":0,"162":0,"163":0,"165":0,"166":0,"167":0,"168":0,"169":0,"170":0,"171":0,"172":0,"173":0,"174":0,"175":0,"176":0,"178":0,"179":0,"180":0,"181":0,"183":0,"184":0,"185":0,"186":0,"187":0,"188":0,"189":0,"190":0,"191":0,"192":0,"193":0,"194":0,"195":0,"196":0,"197":0,"198":0,"199":0,"200":0,"201":0,"202":0,"203":0,"204":0,"206":0,"207":0,"208":0,"209":0,"210":0,"211":0,"212":0,"213":0,"215":0,"216":0,"217":0,"218":0,"219":0,"220":0,"221":0,"222":0,"223":0,"224":0,"225":0,"226":0,"227":0,"229":0,"230":0,"232":0,"233":0,"234":0},"branchMap":{"0":{"type":"branch","line":1,"loc":{"start":{"line":1,"column":0},"end":{"line":235,"column":-4}},"locations":[{"start":{"line":1,"column":0},"end":{"line":235,"column":-4}}]}},"b":{"0":[0]},"fnMap":{"0":{"name":"(empty-report)","decl":{"start":{"line":1,"column":0},"end":{"line":235,"column":-4}},"loc":{"start":{"line":1,"column":0},"end":{"line":235,"column":-4}},"line":1}},"f":{"0":0}}
,"/Users/paul/Sites/TempHist/server.js": {"path":"/Users/paul/Sites/TempHist/server.js","all":true,"statementMap":{"0":{"start":{"line":1,"column":0},"end":{"line":1,"column":35}},"1":{"start":{"line":2,"column":0},"end":{"line":2,"column":67}},"2":{"start":{"line":3,"column":0},"end":{"line":3,"column":22}},"4":{"start":{"line":5,"column":0},"end":{"line":5,"column":29}},"5":{"start":{"line":6,"column":0},"end":{"line":6,"column":27}},"7":{"start":{"line":8,"column":0},"end":{"line":8,"column":57}},"8":{"start":{"line":9,"column":0},"end":{"line":9,"column":64}},"9":{"start":{"line":10,"column":0},"end":{"line":10,"column":38}},"11":{"start":{"line":12,"column":0},"end":{"line":12,"column":30}},"12":{"start":{"line":13,"column":0},"end":{"line":13,"column":29}},"13":{"start":{"line":14,"column":0},"end":{"line":14,"column":30}},"14":{"start":{"line":15,"column":0},"end":{"line":15,"column":33}},"15":{"start":{"line":16,"column":0},"end":{"line":16,"column":51}},"16":{"start":{"line":17,"column":0},"end":{"line":17,"column":69}},"17":{"start":{"line":18,"column":0},"end":{"line":18,"column":99}},"18":{"start":{"line":19,"column":0},"end":{"line":19,"column":48}},"19":{"start":{"line":20,"column":0},"end":{"line":20,"column":31}},"20":{"start":{"line":21,"column":0},"end":{"line":21,"column":3}},"22":{"start":{"line":23,"column":0},"end":{"line":23,"column":28}},"23":{"start":{"line":24,"column":0},"end":{"line":24,"column":49}},"24":{"start":{"line":25,"column":0},"end":{"line":25,"column":67}},"25":{"start":{"line":26,"column":0},"end":{"line":26,"column":97}},"26":{"start":{"line":27,"column":0},"end":{"line":27,"column":9}},"27":{"start":{"line":28,"column":0},"end":{"line":28,"column":3}},"29":{"start":{"line":30,"column":0},"end":{"line":30,"column":48}},"30":{"start":{"line":31,"column":0},"end":{"line":31,"column":30}},"32":{"start":{"line":33,"column":0},"end":{"line":33,"column":72}},"33":{"start":{"line":34,"column":0},"end":{"line":34,"column":41}},"34":{"start":{"line":35,"column":0},"end":{"line":35,"column":59}},"35":{"start":{"line":36,"column":0},"end":{"line":36,"column":36}},"36":{"start":{"line":37,"column":0},"end":{"line":37,"column":1}},"38":{"start":{"line":39,"column":0},"end":{"line":39,"column":43}},"39":{"start":{"line":40,"column":0},"end":{"line":40,"column":36}},"40":{"start":{"line":41,"column":0},"end":{"line":41,"column":18}},"41":{"start":{"line":42,"column":0},"end":{"line":42,"column":21}},"42":{"start":{"line":43,"column":0},"end":{"line":43,"column":20}},"43":{"start":{"line":44,"column":0},"end":{"line":44,"column":31}},"44":{"start":{"line":45,"column":0},"end":{"line":45,"column":47}},"45":{"start":{"line":46,"column":0},"end":{"line":46,"column":38}},"46":{"start":{"line":47,"column":0},"end":{"line":47,"column":28}},"47":{"start":{"line":48,"column":0},"end":{"line":48,"column":45}},"48":{"start":{"line":49,"column":0},"end":{"line":49,"column":95}},"49":{"start":{"line":50,"column":0},"end":{"line":50,"column":28}},"50":{"start":{"line":51,"column":0},"end":{"line":51,"column":9}},"51":{"start":{"line":52,"column":0},"end":{"line":52,"column":12}},"52":{"start":{"line":53,"column":0},"end":{"line":53,"column":28}},"53":{"start":{"line":54,"column":0},"end":{"line":54,"column":29}},"54":{"start":{"line":55,"column":0},"end":{"line":55,"column":28}},"55":{"start":{"line":56,"column":0},"end":{"line":56,"column":9}},"56":{"start":{"line":57,"column":0},"end":{"line":57,"column":5}},"57":{"start":{"line":58,"column":0},"end":{"line":58,"column":4}},"58":{"start":{"line":59,"column":0},"end":{"line":59,"column":30}},"59":{"start":{"line":60,"column":0},"end":{"line":60,"column":63}},"60":{"start":{"line":61,"column":0},"end":{"line":61,"column":72}},"61":{"start":{"line":62,"column":0},"end":{"line":62,"column":3}},"62":{"start":{"line":63,"column":0},"end":{"line":63,"column":4}},"64":{"start":{"line":65,"column":0},"end":{"line":65,"column":24}},"65":{"start":{"line":66,"column":0},"end":{"line":66,"column":60}},"66":{"start":{"line":67,"column":0},"end":{"line":67,"column":53}},"67":{"start":{"line":68,"column":0},"end":{"line":68,"column":3}}},"s":{"0":0,"1":0,"2":0,"4":0,"5":0,"7":0,"8":0,"9":0,"11":0,"12":0,"13":0,"14":0,"15":0,"16":0,"17":0,"18":0,"19":0,"20":0,"22":0,"23":0,"24":0,"25":0,"26":0,"27":0,"29":0,"30":0,"32":0,"33":0,"34":0,"35":0,"36":0,"38":0,"39":0,"40":0,"41":0,"42":0,"43":0,"44":0,"45":0,"46":0,"47":0,"48":0,"49":0,"50":0,"51":0,"52":0,"53":0,"54":0,"55":0,"56":0,"57":0,"58":0,"59":0,"60":0,"61":0,"62":0,"64":0,"65":0,"66":0,"67":0},"branchMap":{"0":{"type":"branch","line":1,"loc":{"start":{"line":1,"column":0},"end":{"line":68,"column":2}},"locations":[{"start":{"line":1,"column":0},"end":{"line":68,"column":2}}]}},"b":{"0":[0]},"fnMap":{"0":{"name":"(empty-report)","decl":{"start":{"line":1,"column":0},"end":{"line":68,"column":2}},"loc":{"start":{"line":1,"column":0},"end":{"line":68,"column":2}},"line":1}},"f":{"0":0}}
}
